{"meta": {"format": 3, "version": "7.10.7", "timestamp": "2025-10-19T01:18:52.500885", "branch_coverage": false, "show_contexts": false}, "files": {"src/brownfield/__init__.py": {"executed_lines": [], "summary": {"covered_lines": 0, "num_statements": 0, "percent_covered": 100.0, "percent_covered_display": "100.00", "missing_lines": 0, "excluded_lines": 0}, "missing_lines": [], "excluded_lines": [], "functions": {"": {"executed_lines": [], "summary": {"covered_lines": 0, "num_statements": 0, "percent_covered": 100.0, "percent_covered_display": "100.00", "missing_lines": 0, "excluded_lines": 0}, "missing_lines": [], "excluded_lines": []}}, "classes": {"": {"executed_lines": [], "summary": {"covered_lines": 0, "num_statements": 0, "percent_covered": 100.0, "percent_covered_display": "100.00", "missing_lines": 0, "excluded_lines": 0}, "missing_lines": [], "excluded_lines": []}}}, "src/brownfield/__main__.py": {"executed_lines": [], "summary": {"covered_lines": 0, "num_statements": 1, "percent_covered": 0.0, "percent_covered_display": "0.00", "missing_lines": 1, "excluded_lines": 2}, "missing_lines": [3], "excluded_lines": [5, 6], "functions": {"": {"executed_lines": [], "summary": {"covered_lines": 0, "num_statements": 1, "percent_covered": 0.0, "percent_covered_display": "0.00", "missing_lines": 1, "excluded_lines": 2}, "missing_lines": [3], "excluded_lines": [5, 6]}}, "classes": {"": {"executed_lines": [], "summary": {"covered_lines": 0, "num_statements": 1, "percent_covered": 0.0, "percent_covered_display": "0.00", "missing_lines": 1, "excluded_lines": 2}, "missing_lines": [3], "excluded_lines": [5, 6]}}}, "src/brownfield/assessment/__init__.py": {"executed_lines": [], "summary": {"covered_lines": 0, "num_statements": 0, "percent_covered": 100.0, "percent_covered_display": "100.00", "missing_lines": 0, "excluded_lines": 0}, "missing_lines": [], "excluded_lines": [], "functions": {"": {"executed_lines": [], "summary": {"covered_lines": 0, "num_statements": 0, "percent_covered": 100.0, "percent_covered_display": "100.00", "missing_lines": 0, "excluded_lines": 0}, "missing_lines": [], "excluded_lines": []}}, "classes": {"": {"executed_lines": [], "summary": {"covered_lines": 0, "num_statements": 0, "percent_covered": 100.0, "percent_covered_display": "100.00", "missing_lines": 0, "excluded_lines": 0}, "missing_lines": [], "excluded_lines": []}}}, "src/brownfield/assessment/language_detector.py": {"executed_lines": [], "summary": {"covered_lines": 0, "num_statements": 20, "percent_covered": 0.0, "percent_covered_display": "0.00", "missing_lines": 20, "excluded_lines": 0}, "missing_lines": [3, 5, 6, 9, 12, 25, 28, 29, 30, 31, 32, 33, 34, 35, 37, 38, 44, 45, 48, 54], "excluded_lines": [], "functions": {"LanguageDetector.detect": {"executed_lines": [], "summary": {"covered_lines": 0, "num_statements": 15, "percent_covered": 0.0, "percent_covered_display": "0.00", "missing_lines": 15, "excluded_lines": 0}, "missing_lines": [25, 28, 29, 30, 31, 32, 33, 34, 35, 37, 38, 44, 45, 48, 54], "excluded_lines": []}, "": {"executed_lines": [], "summary": {"covered_lines": 0, "num_statements": 5, "percent_covered": 0.0, "percent_covered_display": "0.00", "missing_lines": 5, "excluded_lines": 0}, "missing_lines": [3, 5, 6, 9, 12], "excluded_lines": []}}, "classes": {"LanguageDetector": {"executed_lines": [], "summary": {"covered_lines": 0, "num_statements": 15, "percent_covered": 0.0, "percent_covered_display": "0.00", "missing_lines": 15, "excluded_lines": 0}, "missing_lines": [25, 28, 29, 30, 31, 32, 33, 34, 35, 37, 38, 44, 45, 48, 54], "excluded_lines": []}, "": {"executed_lines": [], "summary": {"covered_lines": 0, "num_statements": 5, "percent_covered": 0.0, "percent_covered_display": "0.00", "missing_lines": 5, "excluded_lines": 0}, "missing_lines": [3, 5, 6, 9, 12], "excluded_lines": []}}}, "src/brownfield/assessment/metrics_collector.py": {"executed_lines": [], "summary": {"covered_lines": 0, "num_statements": 170, "percent_covered": 0.0, "percent_covered_display": "0.00", "missing_lines": 170, "excluded_lines": 0}, "missing_lines": [3, 5, 6, 7, 10, 13, 27, 29, 32, 33, 34, 37, 40, 41, 42, 43, 46, 47, 50, 53, 56, 57, 59, 75, 77, 93, 95, 96, 101, 102, 104, 106, 111, 112, 113, 116, 117, 118, 119, 120, 121, 122, 123, 124, 126, 128, 129, 134, 135, 136, 137, 138, 140, 147, 148, 151, 152, 154, 157, 160, 161, 162, 165, 166, 171, 172, 173, 174, 175, 176, 178, 180, 183, 184, 187, 190, 191, 193, 196, 202, 203, 204, 205, 206, 209, 215, 216, 217, 218, 219, 221, 222, 223, 224, 225, 226, 228, 229, 231, 232, 233, 235, 243, 244, 245, 246, 247, 249, 250, 251, 252, 254, 255, 257, 258, 260, 261, 263, 264, 267, 268, 269, 270, 273, 274, 275, 277, 279, 281, 282, 284, 285, 286, 289, 290, 291, 292, 293, 294, 296, 298, 312, 314, 315, 318, 324, 325, 328, 331, 333, 334, 337, 338, 339, 340, 341, 344, 345, 346, 347, 348, 349, 350, 352, 360, 361, 363, 364, 367, 368], "excluded_lines": [], "functions": {"MetricsCollector.collect": {"executed_lines": [], "summary": {"covered_lines": 0, "num_statements": 19, "percent_covered": 0.0, "percent_covered_display": "0.00", "missing_lines": 19, "excluded_lines": 0}, "missing_lines": [27, 29, 32, 33, 34, 37, 40, 41, 42, 43, 46, 47, 50, 53, 56, 57, 59, 75, 77], "excluded_lines": []}, "MetricsCollector._count_loc": {"executed_lines": [], "summary": {"covered_lines": 0, "num_statements": 18, "percent_covered": 0.0, "percent_covered_display": "0.00", "missing_lines": 18, "excluded_lines": 0}, "missing_lines": [95, 96, 101, 102, 104, 106, 111, 112, 113, 116, 117, 118, 119, 120, 121, 122, 123, 124], "excluded_lines": []}, "MetricsCollector._count_git_commits": {"executed_lines": [], "summary": {"covered_lines": 0, "num_statements": 7, "percent_covered": 0.0, "percent_covered_display": "0.00", "missing_lines": 7, "excluded_lines": 0}, "missing_lines": [128, 129, 134, 135, 136, 137, 138], "excluded_lines": []}, "MetricsCollector._measure_coverage": {"executed_lines": [], "summary": {"covered_lines": 0, "num_statements": 48, "percent_covered": 0.0, "percent_covered_display": "0.00", "missing_lines": 48, "excluded_lines": 0}, "missing_lines": [147, 148, 151, 152, 154, 157, 160, 161, 162, 165, 166, 171, 172, 173, 174, 175, 176, 178, 180, 183, 184, 187, 190, 191, 193, 196, 202, 203, 204, 205, 206, 209, 215, 216, 217, 218, 219, 221, 222, 223, 224, 225, 226, 228, 229, 231, 232, 233], "excluded_lines": []}, "MetricsCollector._detect_coverage_source": {"executed_lines": [], "summary": {"covered_lines": 0, "num_statements": 25, "percent_covered": 0.0, "percent_covered_display": "0.00", "missing_lines": 25, "excluded_lines": 0}, "missing_lines": [243, 244, 245, 246, 247, 249, 250, 251, 252, 254, 255, 257, 258, 260, 261, 263, 264, 267, 268, 269, 270, 273, 274, 275, 277], "excluded_lines": []}, "MetricsCollector._count_test_loc": {"executed_lines": [], "summary": {"covered_lines": 0, "num_statements": 12, "percent_covered": 0.0, "percent_covered_display": "0.00", "missing_lines": 12, "excluded_lines": 0}, "missing_lines": [281, 282, 284, 285, 286, 289, 290, 291, 292, 293, 294, 296], "excluded_lines": []}, "MetricsCollector._extract_complexity_violations": {"executed_lines": [], "summary": {"covered_lines": 0, "num_statements": 29, "percent_covered": 0.0, "percent_covered_display": "0.00", "missing_lines": 29, "excluded_lines": 0}, "missing_lines": [312, 314, 315, 318, 324, 325, 328, 331, 333, 334, 337, 338, 339, 340, 341, 344, 345, 346, 347, 348, 349, 350, 352, 360, 361, 363, 364, 367, 368], "excluded_lines": []}, "": {"executed_lines": [], "summary": {"covered_lines": 0, "num_statements": 12, "percent_covered": 0.0, "percent_covered_display": "0.00", "missing_lines": 12, "excluded_lines": 0}, "missing_lines": [3, 5, 6, 7, 10, 13, 93, 126, 140, 235, 279, 298], "excluded_lines": []}}, "classes": {"MetricsCollector": {"executed_lines": [], "summary": {"covered_lines": 0, "num_statements": 158, "percent_covered": 0.0, "percent_covered_display": "0.00", "missing_lines": 158, "excluded_lines": 0}, "missing_lines": [27, 29, 32, 33, 34, 37, 40, 41, 42, 43, 46, 47, 50, 53, 56, 57, 59, 75, 77, 95, 96, 101, 102, 104, 106, 111, 112, 113, 116, 117, 118, 119, 120, 121, 122, 123, 124, 128, 129, 134, 135, 136, 137, 138, 147, 148, 151, 152, 154, 157, 160, 161, 162, 165, 166, 171, 172, 173, 174, 175, 176, 178, 180, 183, 184, 187, 190, 191, 193, 196, 202, 203, 204, 205, 206, 209, 215, 216, 217, 218, 219, 221, 222, 223, 224, 225, 226, 228, 229, 231, 232, 233, 243, 244, 245, 246, 247, 249, 250, 251, 252, 254, 255, 257, 258, 260, 261, 263, 264, 267, 268, 269, 270, 273, 274, 275, 277, 281, 282, 284, 285, 286, 289, 290, 291, 292, 293, 294, 296, 312, 314, 315, 318, 324, 325, 328, 331, 333, 334, 337, 338, 339, 340, 341, 344, 345, 346, 347, 348, 349, 350, 352, 360, 361, 363, 364, 367, 368], "excluded_lines": []}, "": {"executed_lines": [], "summary": {"covered_lines": 0, "num_statements": 12, "percent_covered": 0.0, "percent_covered_display": "0.00", "missing_lines": 12, "excluded_lines": 0}, "missing_lines": [3, 5, 6, 7, 10, 13, 93, 126, 140, 235, 279, 298], "excluded_lines": []}}}, "src/brownfield/assessment/report_generator.py": {"executed_lines": [], "summary": {"covered_lines": 0, "num_statements": 6, "percent_covered": 0.0, "percent_covered_display": "0.00", "missing_lines": 6, "excluded_lines": 0}, "missing_lines": [3, 4, 6, 9, 12, 23], "excluded_lines": [], "functions": {"ReportGenerator.generate": {"executed_lines": [], "summary": {"covered_lines": 0, "num_statements": 1, "percent_covered": 0.0, "percent_covered_display": "0.00", "missing_lines": 1, "excluded_lines": 0}, "missing_lines": [23], "excluded_lines": []}, "": {"executed_lines": [], "summary": {"covered_lines": 0, "num_statements": 5, "percent_covered": 0.0, "percent_covered_display": "0.00", "missing_lines": 5, "excluded_lines": 0}, "missing_lines": [3, 4, 6, 9, 12], "excluded_lines": []}}, "classes": {"ReportGenerator": {"executed_lines": [], "summary": {"covered_lines": 0, "num_statements": 1, "percent_covered": 0.0, "percent_covered_display": "0.00", "missing_lines": 1, "excluded_lines": 0}, "missing_lines": [23], "excluded_lines": []}, "": {"executed_lines": [], "summary": {"covered_lines": 0, "num_statements": 5, "percent_covered": 0.0, "percent_covered_display": "0.00", "missing_lines": 5, "excluded_lines": 0}, "missing_lines": [3, 4, 6, 9, 12], "excluded_lines": []}}}, "src/brownfield/assessment/tech_debt_analyzer.py": {"executed_lines": [], "summary": {"covered_lines": 0, "num_statements": 5, "percent_covered": 0.0, "percent_covered_display": "0.00", "missing_lines": 5, "excluded_lines": 0}, "missing_lines": [3, 5, 8, 11, 22], "excluded_lines": [], "functions": {"TechDebtAnalyzer.analyze": {"executed_lines": [], "summary": {"covered_lines": 0, "num_statements": 1, "percent_covered": 0.0, "percent_covered_display": "0.00", "missing_lines": 1, "excluded_lines": 0}, "missing_lines": [22], "excluded_lines": []}, "": {"executed_lines": [], "summary": {"covered_lines": 0, "num_statements": 4, "percent_covered": 0.0, "percent_covered_display": "0.00", "missing_lines": 4, "excluded_lines": 0}, "missing_lines": [3, 5, 8, 11], "excluded_lines": []}}, "classes": {"TechDebtAnalyzer": {"executed_lines": [], "summary": {"covered_lines": 0, "num_statements": 1, "percent_covered": 0.0, "percent_covered_display": "0.00", "missing_lines": 1, "excluded_lines": 0}, "missing_lines": [22], "excluded_lines": []}, "": {"executed_lines": [], "summary": {"covered_lines": 0, "num_statements": 4, "percent_covered": 0.0, "percent_covered_display": "0.00", "missing_lines": 4, "excluded_lines": 0}, "missing_lines": [3, 5, 8, 11], "excluded_lines": []}}}, "src/brownfield/cli/__init__.py": {"executed_lines": [], "summary": {"covered_lines": 0, "num_statements": 0, "percent_covered": 100.0, "percent_covered_display": "100.00", "missing_lines": 0, "excluded_lines": 0}, "missing_lines": [], "excluded_lines": [], "functions": {"": {"executed_lines": [], "summary": {"covered_lines": 0, "num_statements": 0, "percent_covered": 100.0, "percent_covered_display": "100.00", "missing_lines": 0, "excluded_lines": 0}, "missing_lines": [], "excluded_lines": []}}, "classes": {"": {"executed_lines": [], "summary": {"covered_lines": 0, "num_statements": 0, "percent_covered": 100.0, "percent_covered_display": "100.00", "missing_lines": 0, "excluded_lines": 0}, "missing_lines": [], "excluded_lines": []}}}, "src/brownfield/cli/assess.py": {"executed_lines": [], "summary": {"covered_lines": 0, "num_statements": 65, "percent_covered": 0.0, "percent_covered_display": "0.00", "missing_lines": 65, "excluded_lines": 0}, "missing_lines": [3, 4, 5, 7, 8, 10, 11, 12, 13, 14, 15, 16, 18, 21, 22, 27, 33, 34, 39, 41, 42, 44, 46, 48, 49, 50, 51, 52, 53, 54, 55, 58, 59, 60, 61, 62, 63, 64, 65, 68, 69, 70, 71, 72, 73, 79, 81, 84, 85, 86, 97, 98, 101, 110, 111, 112, 114, 115, 116, 117, 118, 119, 121, 122, 123], "excluded_lines": [], "functions": {"assess": {"executed_lines": [], "summary": {"covered_lines": 0, "num_statements": 46, "percent_covered": 0.0, "percent_covered_display": "0.00", "missing_lines": 46, "excluded_lines": 0}, "missing_lines": [41, 42, 44, 46, 48, 49, 50, 51, 52, 53, 54, 55, 58, 59, 60, 61, 62, 63, 64, 65, 68, 69, 70, 71, 72, 73, 79, 81, 84, 85, 86, 97, 98, 101, 110, 111, 112, 114, 115, 116, 117, 118, 119, 121, 122, 123], "excluded_lines": []}, "": {"executed_lines": [], "summary": {"covered_lines": 0, "num_statements": 19, "percent_covered": 0.0, "percent_covered_display": "0.00", "missing_lines": 19, "excluded_lines": 0}, "missing_lines": [3, 4, 5, 7, 8, 10, 11, 12, 13, 14, 15, 16, 18, 21, 22, 27, 33, 34, 39], "excluded_lines": []}}, "classes": {"": {"executed_lines": [], "summary": {"covered_lines": 0, "num_statements": 65, "percent_covered": 0.0, "percent_covered_display": "0.00", "missing_lines": 65, "excluded_lines": 0}, "missing_lines": [3, 4, 5, 7, 8, 10, 11, 12, 13, 14, 15, 16, 18, 21, 22, 27, 33, 34, 39, 41, 42, 44, 46, 48, 49, 50, 51, 52, 53, 54, 55, 58, 59, 60, 61, 62, 63, 64, 65, 68, 69, 70, 71, 72, 73, 79, 81, 84, 85, 86, 97, 98, 101, 110, 111, 112, 114, 115, 116, 117, 118, 119, 121, 122, 123], "excluded_lines": []}}}, "src/brownfield/cli/commands.py": {"executed_lines": [], "summary": {"covered_lines": 0, "num_statements": 13, "percent_covered": 0.0, "percent_covered_display": "0.00", "missing_lines": 13, "excluded_lines": 2}, "missing_lines": [3, 5, 6, 7, 8, 11, 12, 13, 15, 19, 20, 21, 22], "excluded_lines": [25, 26], "functions": {"brownfield": {"executed_lines": [], "summary": {"covered_lines": 0, "num_statements": 1, "percent_covered": 0.0, "percent_covered_display": "0.00", "missing_lines": 1, "excluded_lines": 0}, "missing_lines": [15], "excluded_lines": []}, "": {"executed_lines": [], "summary": {"covered_lines": 0, "num_statements": 12, "percent_covered": 0.0, "percent_covered_display": "0.00", "missing_lines": 12, "excluded_lines": 2}, "missing_lines": [3, 5, 6, 7, 8, 11, 12, 13, 19, 20, 21, 22], "excluded_lines": [25, 26]}}, "classes": {"": {"executed_lines": [], "summary": {"covered_lines": 0, "num_statements": 13, "percent_covered": 0.0, "percent_covered_display": "0.00", "missing_lines": 13, "excluded_lines": 2}, "missing_lines": [3, 5, 6, 7, 8, 11, 12, 13, 15, 19, 20, 21, 22], "excluded_lines": [25, 26]}}}, "src/brownfield/cli/quality.py": {"executed_lines": [], "summary": {"covered_lines": 0, "num_statements": 100, "percent_covered": 0.0, "percent_covered_display": "0.00", "missing_lines": 100, "excluded_lines": 0}, "missing_lines": [3, 4, 6, 7, 8, 10, 11, 12, 13, 14, 16, 19, 20, 25, 30, 35, 41, 46, 54, 55, 57, 59, 60, 62, 63, 67, 69, 72, 73, 77, 78, 81, 82, 83, 86, 87, 90, 92, 93, 94, 95, 97, 98, 99, 100, 102, 103, 104, 105, 108, 111, 113, 114, 115, 116, 118, 123, 128, 134, 137, 138, 139, 142, 146, 149, 150, 152, 154, 155, 156, 157, 163, 165, 168, 169, 170, 172, 173, 178, 179, 180, 183, 184, 185, 187, 188, 189, 190, 191, 192, 193, 194, 195, 196, 197, 199, 200, 201, 202, 203], "excluded_lines": [], "functions": {"quality": {"executed_lines": [], "summary": {"covered_lines": 0, "num_statements": 82, "percent_covered": 0.0, "percent_covered_display": "0.00", "missing_lines": 82, "excluded_lines": 0}, "missing_lines": [54, 55, 57, 59, 60, 62, 63, 67, 69, 72, 73, 77, 78, 81, 82, 83, 86, 87, 90, 92, 93, 94, 95, 97, 98, 99, 100, 102, 103, 104, 105, 108, 111, 113, 114, 115, 116, 118, 123, 128, 134, 137, 138, 139, 142, 146, 149, 150, 152, 154, 155, 156, 157, 163, 165, 168, 169, 170, 172, 173, 178, 179, 180, 183, 184, 185, 187, 188, 189, 190, 191, 192, 193, 194, 195, 196, 197, 199, 200, 201, 202, 203], "excluded_lines": []}, "": {"executed_lines": [], "summary": {"covered_lines": 0, "num_statements": 18, "percent_covered": 0.0, "percent_covered_display": "0.00", "missing_lines": 18, "excluded_lines": 0}, "missing_lines": [3, 4, 6, 7, 8, 10, 11, 12, 13, 14, 16, 19, 20, 25, 30, 35, 41, 46], "excluded_lines": []}}, "classes": {"": {"executed_lines": [], "summary": {"covered_lines": 0, "num_statements": 100, "percent_covered": 0.0, "percent_covered_display": "0.00", "missing_lines": 100, "excluded_lines": 0}, "missing_lines": [3, 4, 6, 7, 8, 10, 11, 12, 13, 14, 16, 19, 20, 25, 30, 35, 41, 46, 54, 55, 57, 59, 60, 62, 63, 67, 69, 72, 73, 77, 78, 81, 82, 83, 86, 87, 90, 92, 93, 94, 95, 97, 98, 99, 100, 102, 103, 104, 105, 108, 111, 113, 114, 115, 116, 118, 123, 128, 134, 137, 138, 139, 142, 146, 149, 150, 152, 154, 155, 156, 157, 163, 165, 168, 169, 170, 172, 173, 178, 179, 180, 183, 184, 185, 187, 188, 189, 190, 191, 192, 193, 194, 195, 196, 197, 199, 200, 201, 202, 203], "excluded_lines": []}}}, "src/brownfield/cli/structure.py": {"executed_lines": [], "summary": {"covered_lines": 0, "num_statements": 106, "percent_covered": 0.0, "percent_covered_display": "0.00", "missing_lines": 106, "excluded_lines": 0}, "missing_lines": [3, 5, 6, 7, 9, 10, 11, 12, 13, 14, 16, 19, 20, 25, 31, 37, 43, 44, 46, 48, 49, 50, 53, 56, 57, 60, 61, 63, 65, 68, 69, 72, 75, 76, 77, 78, 81, 82, 83, 96, 97, 99, 100, 101, 103, 116, 117, 118, 119, 120, 121, 122, 124, 125, 126, 127, 128, 132, 135, 136, 140, 141, 144, 145, 148, 149, 152, 153, 155, 156, 157, 159, 162, 163, 164, 167, 168, 169, 170, 171, 172, 173, 174, 175, 178, 179, 181, 195, 196, 197, 198, 199, 200, 201, 202, 205, 206, 207, 208, 209, 210, 211, 212, 214, 215, 216], "excluded_lines": [], "functions": {"structure": {"executed_lines": [], "summary": {"covered_lines": 0, "num_statements": 90, "percent_covered": 0.0, "percent_covered_display": "0.00", "missing_lines": 90, "excluded_lines": 0}, "missing_lines": [43, 44, 46, 48, 49, 50, 53, 56, 57, 60, 61, 63, 65, 68, 69, 72, 75, 76, 77, 78, 81, 82, 83, 96, 97, 99, 100, 101, 103, 116, 117, 118, 119, 120, 121, 122, 124, 125, 126, 127, 128, 132, 135, 136, 140, 141, 144, 145, 148, 149, 152, 153, 155, 156, 157, 159, 162, 163, 164, 167, 168, 169, 170, 171, 172, 173, 174, 175, 178, 179, 181, 195, 196, 197, 198, 199, 200, 201, 202, 205, 206, 207, 208, 209, 210, 211, 212, 214, 215, 216], "excluded_lines": []}, "": {"executed_lines": [], "summary": {"covered_lines": 0, "num_statements": 16, "percent_covered": 0.0, "percent_covered_display": "0.00", "missing_lines": 16, "excluded_lines": 0}, "missing_lines": [3, 5, 6, 7, 9, 10, 11, 12, 13, 14, 16, 19, 20, 25, 31, 37], "excluded_lines": []}}, "classes": {"": {"executed_lines": [], "summary": {"covered_lines": 0, "num_statements": 106, "percent_covered": 0.0, "percent_covered_display": "0.00", "missing_lines": 106, "excluded_lines": 0}, "missing_lines": [3, 5, 6, 7, 9, 10, 11, 12, 13, 14, 16, 19, 20, 25, 31, 37, 43, 44, 46, 48, 49, 50, 53, 56, 57, 60, 61, 63, 65, 68, 69, 72, 75, 76, 77, 78, 81, 82, 83, 96, 97, 99, 100, 101, 103, 116, 117, 118, 119, 120, 121, 122, 124, 125, 126, 127, 128, 132, 135, 136, 140, 141, 144, 145, 148, 149, 152, 153, 155, 156, 157, 159, 162, 163, 164, 167, 168, 169, 170, 171, 172, 173, 174, 175, 178, 179, 181, 195, 196, 197, 198, 199, 200, 201, 202, 205, 206, 207, 208, 209, 210, 211, 212, 214, 215, 216], "excluded_lines": []}}}, "src/brownfield/cli/testing.py": {"executed_lines": [], "summary": {"covered_lines": 0, "num_statements": 79, "percent_covered": 0.0, "percent_covered_display": "0.00", "missing_lines": 79, "excluded_lines": 0}, "missing_lines": [3, 4, 6, 7, 9, 10, 11, 12, 13, 15, 18, 19, 25, 31, 36, 42, 46, 47, 49, 51, 52, 54, 55, 59, 61, 64, 65, 69, 70, 73, 74, 75, 78, 81, 84, 85, 87, 88, 89, 90, 93, 95, 96, 97, 98, 99, 101, 102, 103, 104, 105, 108, 109, 110, 112, 113, 114, 117, 119, 120, 121, 122, 123, 125, 127, 128, 132, 137, 140, 141, 142, 144, 145, 146, 147, 148, 150, 151, 152], "excluded_lines": [], "functions": {"testing": {"executed_lines": [], "summary": {"covered_lines": 0, "num_statements": 63, "percent_covered": 0.0, "percent_covered_display": "0.00", "missing_lines": 63, "excluded_lines": 0}, "missing_lines": [46, 47, 49, 51, 52, 54, 55, 59, 61, 64, 65, 69, 70, 73, 74, 75, 78, 81, 84, 85, 87, 88, 89, 90, 93, 95, 96, 97, 98, 99, 101, 102, 103, 104, 105, 108, 109, 110, 112, 113, 114, 117, 119, 120, 121, 122, 123, 125, 127, 128, 132, 137, 140, 141, 142, 144, 145, 146, 147, 148, 150, 151, 152], "excluded_lines": []}, "": {"executed_lines": [], "summary": {"covered_lines": 0, "num_statements": 16, "percent_covered": 0.0, "percent_covered_display": "0.00", "missing_lines": 16, "excluded_lines": 0}, "missing_lines": [3, 4, 6, 7, 9, 10, 11, 12, 13, 15, 18, 19, 25, 31, 36, 42], "excluded_lines": []}}, "classes": {"": {"executed_lines": [], "summary": {"covered_lines": 0, "num_statements": 79, "percent_covered": 0.0, "percent_covered_display": "0.00", "missing_lines": 79, "excluded_lines": 0}, "missing_lines": [3, 4, 6, 7, 9, 10, 11, 12, 13, 15, 18, 19, 25, 31, 36, 42, 46, 47, 49, 51, 52, 54, 55, 59, 61, 64, 65, 69, 70, 73, 74, 75, 78, 81, 84, 85, 87, 88, 89, 90, 93, 95, 96, 97, 98, 99, 101, 102, 103, 104, 105, 108, 109, 110, 112, 113, 114, 117, 119, 120, 121, 122, 123, 125, 127, 128, 132, 137, 140, 141, 142, 144, 145, 146, 147, 148, 150, 151, 152], "excluded_lines": []}}}, "src/brownfield/git/__init__.py": {"executed_lines": [], "summary": {"covered_lines": 0, "num_statements": 5, "percent_covered": 0.0, "percent_covered_display": "0.00", "missing_lines": 5, "excluded_lines": 0}, "missing_lines": [3, 4, 5, 6, 8], "excluded_lines": [], "functions": {"": {"executed_lines": [], "summary": {"covered_lines": 0, "num_statements": 5, "percent_covered": 0.0, "percent_covered_display": "0.00", "missing_lines": 5, "excluded_lines": 0}, "missing_lines": [3, 4, 5, 6, 8], "excluded_lines": []}}, "classes": {"": {"executed_lines": [], "summary": {"covered_lines": 0, "num_statements": 5, "percent_covered": 0.0, "percent_covered_display": "0.00", "missing_lines": 5, "excluded_lines": 0}, "missing_lines": [3, 4, 5, 6, 8], "excluded_lines": []}}}, "src/brownfield/git/auto_revert.py": {"executed_lines": [], "summary": {"covered_lines": 0, "num_statements": 6, "percent_covered": 0.0, "percent_covered_display": "0.00", "missing_lines": 6, "excluded_lines": 0}, "missing_lines": [3, 6, 9, 10, 12, 15], "excluded_lines": [], "functions": {"AutoRevert.__init__": {"executed_lines": [], "summary": {"covered_lines": 0, "num_statements": 1, "percent_covered": 0.0, "percent_covered_display": "0.00", "missing_lines": 1, "excluded_lines": 0}, "missing_lines": [10], "excluded_lines": []}, "AutoRevert.revert_if_build_fails": {"executed_lines": [], "summary": {"covered_lines": 0, "num_statements": 1, "percent_covered": 0.0, "percent_covered_display": "0.00", "missing_lines": 1, "excluded_lines": 0}, "missing_lines": [15], "excluded_lines": []}, "": {"executed_lines": [], "summary": {"covered_lines": 0, "num_statements": 4, "percent_covered": 0.0, "percent_covered_display": "0.00", "missing_lines": 4, "excluded_lines": 0}, "missing_lines": [3, 6, 9, 12], "excluded_lines": []}}, "classes": {"AutoRevert": {"executed_lines": [], "summary": {"covered_lines": 0, "num_statements": 2, "percent_covered": 0.0, "percent_covered_display": "0.00", "missing_lines": 2, "excluded_lines": 0}, "missing_lines": [10, 15], "excluded_lines": []}, "": {"executed_lines": [], "summary": {"covered_lines": 0, "num_statements": 4, "percent_covered": 0.0, "percent_covered_display": "0.00", "missing_lines": 4, "excluded_lines": 0}, "missing_lines": [3, 6, 9, 12], "excluded_lines": []}}}, "src/brownfield/git/branch_guard.py": {"executed_lines": [], "summary": {"covered_lines": 0, "num_statements": 8, "percent_covered": 0.0, "percent_covered_display": "0.00", "missing_lines": 8, "excluded_lines": 0}, "missing_lines": [3, 6, 9, 11, 12, 14, 16, 17], "excluded_lines": [], "functions": {"BranchGuard.__init__": {"executed_lines": [], "summary": {"covered_lines": 0, "num_statements": 1, "percent_covered": 0.0, "percent_covered_display": "0.00", "missing_lines": 1, "excluded_lines": 0}, "missing_lines": [12], "excluded_lines": []}, "BranchGuard.check_protected": {"executed_lines": [], "summary": {"covered_lines": 0, "num_statements": 2, "percent_covered": 0.0, "percent_covered_display": "0.00", "missing_lines": 2, "excluded_lines": 0}, "missing_lines": [16, 17], "excluded_lines": []}, "": {"executed_lines": [], "summary": {"covered_lines": 0, "num_statements": 5, "percent_covered": 0.0, "percent_covered_display": "0.00", "missing_lines": 5, "excluded_lines": 0}, "missing_lines": [3, 6, 9, 11, 14], "excluded_lines": []}}, "classes": {"BranchGuard": {"executed_lines": [], "summary": {"covered_lines": 0, "num_statements": 3, "percent_covered": 0.0, "percent_covered_display": "0.00", "missing_lines": 3, "excluded_lines": 0}, "missing_lines": [12, 16, 17], "excluded_lines": []}, "": {"executed_lines": [], "summary": {"covered_lines": 0, "num_statements": 5, "percent_covered": 0.0, "percent_covered_display": "0.00", "missing_lines": 5, "excluded_lines": 0}, "missing_lines": [3, 6, 9, 11, 14], "excluded_lines": []}}}, "src/brownfield/git/history_tracker.py": {"executed_lines": [], "summary": {"covered_lines": 0, "num_statements": 10, "percent_covered": 0.0, "percent_covered_display": "0.00", "missing_lines": 10, "excluded_lines": 0}, "missing_lines": [3, 6, 9, 10, 12, 14, 15, 16, 17, 18], "excluded_lines": [], "functions": {"HistoryTracker.__init__": {"executed_lines": [], "summary": {"covered_lines": 0, "num_statements": 1, "percent_covered": 0.0, "percent_covered_display": "0.00", "missing_lines": 1, "excluded_lines": 0}, "missing_lines": [10], "excluded_lines": []}, "HistoryTracker.get_brownfield_commits": {"executed_lines": [], "summary": {"covered_lines": 0, "num_statements": 5, "percent_covered": 0.0, "percent_covered_display": "0.00", "missing_lines": 5, "excluded_lines": 0}, "missing_lines": [14, 15, 16, 17, 18], "excluded_lines": []}, "": {"executed_lines": [], "summary": {"covered_lines": 0, "num_statements": 4, "percent_covered": 0.0, "percent_covered_display": "0.00", "missing_lines": 4, "excluded_lines": 0}, "missing_lines": [3, 6, 9, 12], "excluded_lines": []}}, "classes": {"HistoryTracker": {"executed_lines": [], "summary": {"covered_lines": 0, "num_statements": 6, "percent_covered": 0.0, "percent_covered_display": "0.00", "missing_lines": 6, "excluded_lines": 0}, "missing_lines": [10, 14, 15, 16, 17, 18], "excluded_lines": []}, "": {"executed_lines": [], "summary": {"covered_lines": 0, "num_statements": 4, "percent_covered": 0.0, "percent_covered_display": "0.00", "missing_lines": 4, "excluded_lines": 0}, "missing_lines": [3, 6, 9, 12], "excluded_lines": []}}}, "src/brownfield/git/safe_commit.py": {"executed_lines": [], "summary": {"covered_lines": 0, "num_statements": 10, "percent_covered": 0.0, "percent_covered_display": "0.00", "missing_lines": 10, "excluded_lines": 0}, "missing_lines": [3, 4, 7, 10, 11, 13, 16, 19, 20, 22], "excluded_lines": [], "functions": {"SafeCommit.__init__": {"executed_lines": [], "summary": {"covered_lines": 0, "num_statements": 1, "percent_covered": 0.0, "percent_covered_display": "0.00", "missing_lines": 1, "excluded_lines": 0}, "missing_lines": [11], "excluded_lines": []}, "SafeCommit.commit": {"executed_lines": [], "summary": {"covered_lines": 0, "num_statements": 4, "percent_covered": 0.0, "percent_covered_display": "0.00", "missing_lines": 4, "excluded_lines": 0}, "missing_lines": [16, 19, 20, 22], "excluded_lines": []}, "": {"executed_lines": [], "summary": {"covered_lines": 0, "num_statements": 5, "percent_covered": 0.0, "percent_covered_display": "0.00", "missing_lines": 5, "excluded_lines": 0}, "missing_lines": [3, 4, 7, 10, 13], "excluded_lines": []}}, "classes": {"SafeCommit": {"executed_lines": [], "summary": {"covered_lines": 0, "num_statements": 5, "percent_covered": 0.0, "percent_covered_display": "0.00", "missing_lines": 5, "excluded_lines": 0}, "missing_lines": [11, 16, 19, 20, 22], "excluded_lines": []}, "": {"executed_lines": [], "summary": {"covered_lines": 0, "num_statements": 5, "percent_covered": 0.0, "percent_covered_display": "0.00", "missing_lines": 5, "excluded_lines": 0}, "missing_lines": [3, 4, 7, 10, 13], "excluded_lines": []}}}, "src/brownfield/models/__init__.py": {"executed_lines": [], "summary": {"covered_lines": 0, "num_statements": 7, "percent_covered": 0.0, "percent_covered_display": "0.00", "missing_lines": 7, "excluded_lines": 0}, "missing_lines": [3, 10, 11, 12, 13, 19, 21], "excluded_lines": [], "functions": {"": {"executed_lines": [], "summary": {"covered_lines": 0, "num_statements": 7, "percent_covered": 0.0, "percent_covered_display": "0.00", "missing_lines": 7, "excluded_lines": 0}, "missing_lines": [3, 10, 11, 12, 13, 19, 21], "excluded_lines": []}}, "classes": {"": {"executed_lines": [], "summary": {"covered_lines": 0, "num_statements": 7, "percent_covered": 0.0, "percent_covered_display": "0.00", "missing_lines": 7, "excluded_lines": 0}, "missing_lines": [3, 10, 11, 12, 13, 19, 21], "excluded_lines": []}}}, "src/brownfield/models/assessment.py": {"executed_lines": [], "summary": {"covered_lines": 0, "num_statements": 120, "percent_covered": 0.0, "percent_covered_display": "0.00", "missing_lines": 120, "excluded_lines": 0}, "missing_lines": [3, 4, 5, 6, 7, 10, 13, 14, 15, 18, 19, 22, 23, 24, 25, 26, 27, 30, 31, 34, 35, 36, 37, 40, 41, 44, 45, 46, 47, 48, 49, 50, 51, 52, 53, 54, 55, 56, 59, 60, 63, 64, 65, 66, 69, 70, 73, 74, 75, 76, 77, 78, 79, 80, 81, 82, 83, 84, 86, 88, 89, 90, 91, 92, 94, 95, 96, 97, 98, 99, 100, 102, 103, 104, 105, 107, 108, 109, 111, 112, 113, 114, 115, 116, 117, 118, 119, 120, 121, 122, 123, 124, 125, 128, 129, 130, 131, 132, 133, 134, 135, 136, 137, 139, 140, 141, 147, 148, 149, 150, 151, 152, 154, 155, 156, 158, 159, 160, 162, 164], "excluded_lines": [], "functions": {"AssessmentReport.to_markdown": {"executed_lines": [], "summary": {"covered_lines": 0, "num_statements": 61, "percent_covered": 0.0, "percent_covered_display": "0.00", "missing_lines": 61, "excluded_lines": 0}, "missing_lines": [88, 89, 90, 91, 92, 94, 95, 96, 97, 98, 99, 100, 102, 103, 104, 105, 107, 108, 109, 111, 112, 113, 114, 115, 116, 117, 118, 119, 120, 121, 122, 123, 124, 125, 128, 129, 130, 131, 132, 133, 134, 135, 136, 137, 139, 140, 141, 147, 148, 149, 150, 151, 152, 154, 155, 156, 158, 159, 160, 162, 164], "excluded_lines": []}, "": {"executed_lines": [], "summary": {"covered_lines": 0, "num_statements": 59, "percent_covered": 0.0, "percent_covered_display": "0.00", "missing_lines": 59, "excluded_lines": 0}, "missing_lines": [3, 4, 5, 6, 7, 10, 13, 14, 15, 18, 19, 22, 23, 24, 25, 26, 27, 30, 31, 34, 35, 36, 37, 40, 41, 44, 45, 46, 47, 48, 49, 50, 51, 52, 53, 54, 55, 56, 59, 60, 63, 64, 65, 66, 69, 70, 73, 74, 75, 76, 77, 78, 79, 80, 81, 82, 83, 84, 86], "excluded_lines": []}}, "classes": {"ConfidenceLevel": {"executed_lines": [], "summary": {"covered_lines": 0, "num_statements": 0, "percent_covered": 100.0, "percent_covered_display": "100.00", "missing_lines": 0, "excluded_lines": 0}, "missing_lines": [], "excluded_lines": []}, "LanguageDetection": {"executed_lines": [], "summary": {"covered_lines": 0, "num_statements": 0, "percent_covered": 100.0, "percent_covered_display": "100.00", "missing_lines": 0, "excluded_lines": 0}, "missing_lines": [], "excluded_lines": []}, "ComplexityViolation": {"executed_lines": [], "summary": {"covered_lines": 0, "num_statements": 0, "percent_covered": 100.0, "percent_covered_display": "100.00", "missing_lines": 0, "excluded_lines": 0}, "missing_lines": [], "excluded_lines": []}, "Metrics": {"executed_lines": [], "summary": {"covered_lines": 0, "num_statements": 0, "percent_covered": 100.0, "percent_covered_display": "100.00", "missing_lines": 0, "excluded_lines": 0}, "missing_lines": [], "excluded_lines": []}, "TechDebtCategory": {"executed_lines": [], "summary": {"covered_lines": 0, "num_statements": 0, "percent_covered": 100.0, "percent_covered_display": "100.00", "missing_lines": 0, "excluded_lines": 0}, "missing_lines": [], "excluded_lines": []}, "AssessmentReport": {"executed_lines": [], "summary": {"covered_lines": 0, "num_statements": 61, "percent_covered": 0.0, "percent_covered_display": "0.00", "missing_lines": 61, "excluded_lines": 0}, "missing_lines": [88, 89, 90, 91, 92, 94, 95, 96, 97, 98, 99, 100, 102, 103, 104, 105, 107, 108, 109, 111, 112, 113, 114, 115, 116, 117, 118, 119, 120, 121, 122, 123, 124, 125, 128, 129, 130, 131, 132, 133, 134, 135, 136, 137, 139, 140, 141, 147, 148, 149, 150, 151, 152, 154, 155, 156, 158, 159, 160, 162, 164], "excluded_lines": []}, "": {"executed_lines": [], "summary": {"covered_lines": 0, "num_statements": 59, "percent_covered": 0.0, "percent_covered_display": "0.00", "missing_lines": 59, "excluded_lines": 0}, "missing_lines": [3, 4, 5, 6, 7, 10, 13, 14, 15, 18, 19, 22, 23, 24, 25, 26, 27, 30, 31, 34, 35, 36, 37, 40, 41, 44, 45, 46, 47, 48, 49, 50, 51, 52, 53, 54, 55, 56, 59, 60, 63, 64, 65, 66, 69, 70, 73, 74, 75, 76, 77, 78, 79, 80, 81, 82, 83, 84, 86], "excluded_lines": []}}}, "src/brownfield/models/checkpoint.py": {"executed_lines": [], "summary": {"covered_lines": 0, "num_statements": 42, "percent_covered": 0.0, "percent_covered_display": "0.00", "missing_lines": 42, "excluded_lines": 0}, "missing_lines": [3, 4, 5, 7, 10, 11, 14, 15, 16, 17, 18, 21, 22, 25, 26, 27, 28, 29, 31, 32, 34, 36, 37, 39, 41, 42, 44, 45, 46, 48, 52, 53, 54, 55, 56, 57, 58, 60, 62, 63, 66, 67], "excluded_lines": [], "functions": {"PhaseCheckpoint.completed_tasks": {"executed_lines": [], "summary": {"covered_lines": 0, "num_statements": 1, "percent_covered": 0.0, "percent_covered_display": "0.00", "missing_lines": 1, "excluded_lines": 0}, "missing_lines": [34], "excluded_lines": []}, "PhaseCheckpoint.pending_tasks": {"executed_lines": [], "summary": {"covered_lines": 0, "num_statements": 1, "percent_covered": 0.0, "percent_covered_display": "0.00", "missing_lines": 1, "excluded_lines": 0}, "missing_lines": [39], "excluded_lines": []}, "PhaseCheckpoint.progress_percentage": {"executed_lines": [], "summary": {"covered_lines": 0, "num_statements": 3, "percent_covered": 0.0, "percent_covered_display": "0.00", "missing_lines": 3, "excluded_lines": 0}, "missing_lines": [44, 45, 46], "excluded_lines": []}, "PhaseCheckpoint.mark_task_complete": {"executed_lines": [], "summary": {"covered_lines": 0, "num_statements": 7, "percent_covered": 0.0, "percent_covered_display": "0.00", "missing_lines": 7, "excluded_lines": 0}, "missing_lines": [52, 53, 54, 55, 56, 57, 58], "excluded_lines": []}, "PhaseCheckpoint.detect_interruption": {"executed_lines": [], "summary": {"covered_lines": 0, "num_statements": 4, "percent_covered": 0.0, "percent_covered_display": "0.00", "missing_lines": 4, "excluded_lines": 0}, "missing_lines": [62, 63, 66, 67], "excluded_lines": []}, "": {"executed_lines": [], "summary": {"covered_lines": 0, "num_statements": 26, "percent_covered": 0.0, "percent_covered_display": "0.00", "missing_lines": 26, "excluded_lines": 0}, "missing_lines": [3, 4, 5, 7, 10, 11, 14, 15, 16, 17, 18, 21, 22, 25, 26, 27, 28, 29, 31, 32, 36, 37, 41, 42, 48, 60], "excluded_lines": []}}, "classes": {"Task": {"executed_lines": [], "summary": {"covered_lines": 0, "num_statements": 0, "percent_covered": 100.0, "percent_covered_display": "100.00", "missing_lines": 0, "excluded_lines": 0}, "missing_lines": [], "excluded_lines": []}, "PhaseCheckpoint": {"executed_lines": [], "summary": {"covered_lines": 0, "num_statements": 16, "percent_covered": 0.0, "percent_covered_display": "0.00", "missing_lines": 16, "excluded_lines": 0}, "missing_lines": [34, 39, 44, 45, 46, 52, 53, 54, 55, 56, 57, 58, 62, 63, 66, 67], "excluded_lines": []}, "": {"executed_lines": [], "summary": {"covered_lines": 0, "num_statements": 26, "percent_covered": 0.0, "percent_covered_display": "0.00", "missing_lines": 26, "excluded_lines": 0}, "missing_lines": [3, 4, 5, 7, 10, 11, 14, 15, 16, 17, 18, 21, 22, 25, 26, 27, 28, 29, 31, 32, 36, 37, 41, 42, 48, 60], "excluded_lines": []}}}, "src/brownfield/models/decision.py": {"executed_lines": [], "summary": {"covered_lines": 0, "num_statements": 63, "percent_covered": 0.0, "percent_covered_display": "0.00", "missing_lines": 63, "excluded_lines": 0}, "missing_lines": [3, 4, 5, 7, 8, 11, 12, 15, 16, 17, 18, 21, 22, 25, 26, 27, 28, 29, 32, 33, 36, 37, 38, 39, 40, 41, 42, 43, 44, 45, 46, 47, 48, 50, 52, 53, 54, 56, 57, 58, 60, 61, 63, 64, 65, 66, 67, 69, 70, 71, 72, 73, 74, 75, 76, 77, 79, 80, 81, 82, 83, 84, 86], "excluded_lines": [], "functions": {"DecisionEntry.to_markdown": {"executed_lines": [], "summary": {"covered_lines": 0, "num_statements": 29, "percent_covered": 0.0, "percent_covered_display": "0.00", "missing_lines": 29, "excluded_lines": 0}, "missing_lines": [52, 53, 54, 56, 57, 58, 60, 61, 63, 64, 65, 66, 67, 69, 70, 71, 72, 73, 74, 75, 76, 77, 79, 80, 81, 82, 83, 84, 86], "excluded_lines": []}, "": {"executed_lines": [], "summary": {"covered_lines": 0, "num_statements": 34, "percent_covered": 0.0, "percent_covered_display": "0.00", "missing_lines": 34, "excluded_lines": 0}, "missing_lines": [3, 4, 5, 7, 8, 11, 12, 15, 16, 17, 18, 21, 22, 25, 26, 27, 28, 29, 32, 33, 36, 37, 38, 39, 40, 41, 42, 43, 44, 45, 46, 47, 48, 50], "excluded_lines": []}}, "classes": {"Alternative": {"executed_lines": [], "summary": {"covered_lines": 0, "num_statements": 0, "percent_covered": 100.0, "percent_covered_display": "100.00", "missing_lines": 0, "excluded_lines": 0}, "missing_lines": [], "excluded_lines": []}, "Risk": {"executed_lines": [], "summary": {"covered_lines": 0, "num_statements": 0, "percent_covered": 100.0, "percent_covered_display": "100.00", "missing_lines": 0, "excluded_lines": 0}, "missing_lines": [], "excluded_lines": []}, "DecisionEntry": {"executed_lines": [], "summary": {"covered_lines": 0, "num_statements": 29, "percent_covered": 0.0, "percent_covered_display": "0.00", "missing_lines": 29, "excluded_lines": 0}, "missing_lines": [52, 53, 54, 56, 57, 58, 60, 61, 63, 64, 65, 66, 67, 69, 70, 71, 72, 73, 74, 75, 76, 77, 79, 80, 81, 82, 83, 84, 86], "excluded_lines": []}, "": {"executed_lines": [], "summary": {"covered_lines": 0, "num_statements": 34, "percent_covered": 0.0, "percent_covered_display": "0.00", "missing_lines": 34, "excluded_lines": 0}, "missing_lines": [3, 4, 5, 7, 8, 11, 12, 15, 16, 17, 18, 21, 22, 25, 26, 27, 28, 29, 32, 33, 36, 37, 38, 39, 40, 41, 42, 43, 44, 45, 46, 47, 48, 50], "excluded_lines": []}}}, "src/brownfield/models/gate.py": {"executed_lines": [], "summary": {"covered_lines": 0, "num_statements": 18, "percent_covered": 0.0, "percent_covered_display": "0.00", "missing_lines": 18, "excluded_lines": 0}, "missing_lines": [3, 4, 7, 8, 11, 12, 13, 14, 15, 16, 17, 18, 19, 20, 22, 24, 25, 29], "excluded_lines": [], "functions": {"ReadinessGate.evaluate": {"executed_lines": [], "summary": {"covered_lines": 0, "num_statements": 2, "percent_covered": 0.0, "percent_covered_display": "0.00", "missing_lines": 2, "excluded_lines": 0}, "missing_lines": [24, 25], "excluded_lines": []}, "": {"executed_lines": [], "summary": {"covered_lines": 0, "num_statements": 16, "percent_covered": 0.0, "percent_covered_display": "0.00", "missing_lines": 16, "excluded_lines": 0}, "missing_lines": [3, 4, 7, 8, 11, 12, 13, 14, 15, 16, 17, 18, 19, 20, 22, 29], "excluded_lines": []}}, "classes": {"ReadinessGate": {"executed_lines": [], "summary": {"covered_lines": 0, "num_statements": 2, "percent_covered": 0.0, "percent_covered_display": "0.00", "missing_lines": 2, "excluded_lines": 0}, "missing_lines": [24, 25], "excluded_lines": []}, "": {"executed_lines": [], "summary": {"covered_lines": 0, "num_statements": 16, "percent_covered": 0.0, "percent_covered_display": "0.00", "missing_lines": 16, "excluded_lines": 0}, "missing_lines": [3, 4, 7, 8, 11, 12, 13, 14, 15, 16, 17, 18, 19, 20, 22, 29], "excluded_lines": []}}}, "src/brownfield/models/report.py": {"executed_lines": [], "summary": {"covered_lines": 0, "num_statements": 101, "percent_covered": 0.0, "percent_covered_display": "0.00", "missing_lines": 101, "excluded_lines": 0}, "missing_lines": [3, 4, 5, 7, 8, 9, 12, 13, 16, 17, 18, 19, 20, 23, 24, 27, 28, 29, 30, 31, 34, 35, 38, 39, 40, 41, 42, 45, 46, 49, 50, 51, 52, 53, 54, 55, 56, 57, 58, 59, 60, 62, 64, 65, 67, 68, 69, 71, 74, 75, 77, 80, 81, 83, 87, 88, 90, 91, 92, 93, 94, 96, 98, 99, 100, 101, 102, 103, 104, 106, 108, 109, 110, 111, 112, 113, 115, 117, 118, 119, 120, 121, 122, 123, 124, 126, 127, 128, 129, 130, 132, 133, 134, 136, 137, 138, 139, 140, 142, 143, 145], "excluded_lines": [], "functions": {"GraduationReport.to_markdown": {"executed_lines": [], "summary": {"covered_lines": 0, "num_statements": 59, "percent_covered": 0.0, "percent_covered_display": "0.00", "missing_lines": 59, "excluded_lines": 0}, "missing_lines": [64, 65, 67, 68, 69, 71, 74, 75, 77, 80, 81, 83, 87, 88, 90, 91, 92, 93, 94, 96, 98, 99, 100, 101, 102, 103, 104, 106, 108, 109, 110, 111, 112, 113, 115, 117, 118, 119, 120, 121, 122, 123, 124, 126, 127, 128, 129, 130, 132, 133, 134, 136, 137, 138, 139, 140, 142, 143, 145], "excluded_lines": []}, "": {"executed_lines": [], "summary": {"covered_lines": 0, "num_statements": 42, "percent_covered": 0.0, "percent_covered_display": "0.00", "missing_lines": 42, "excluded_lines": 0}, "missing_lines": [3, 4, 5, 7, 8, 9, 12, 13, 16, 17, 18, 19, 20, 23, 24, 27, 28, 29, 30, 31, 34, 35, 38, 39, 40, 41, 42, 45, 46, 49, 50, 51, 52, 53, 54, 55, 56, 57, 58, 59, 60, 62], "excluded_lines": []}}, "classes": {"StructuralChange": {"executed_lines": [], "summary": {"covered_lines": 0, "num_statements": 0, "percent_covered": 100.0, "percent_covered_display": "100.00", "missing_lines": 0, "excluded_lines": 0}, "missing_lines": [], "excluded_lines": []}, "TestImprovement": {"executed_lines": [], "summary": {"covered_lines": 0, "num_statements": 0, "percent_covered": 100.0, "percent_covered_display": "100.00", "missing_lines": 0, "excluded_lines": 0}, "missing_lines": [], "excluded_lines": []}, "SecurityFix": {"executed_lines": [], "summary": {"covered_lines": 0, "num_statements": 0, "percent_covered": 100.0, "percent_covered_display": "100.00", "missing_lines": 0, "excluded_lines": 0}, "missing_lines": [], "excluded_lines": []}, "GraduationReport": {"executed_lines": [], "summary": {"covered_lines": 0, "num_statements": 59, "percent_covered": 0.0, "percent_covered_display": "0.00", "missing_lines": 59, "excluded_lines": 0}, "missing_lines": [64, 65, 67, 68, 69, 71, 74, 75, 77, 80, 81, 83, 87, 88, 90, 91, 92, 93, 94, 96, 98, 99, 100, 101, 102, 103, 104, 106, 108, 109, 110, 111, 112, 113, 115, 117, 118, 119, 120, 121, 122, 123, 124, 126, 127, 128, 129, 130, 132, 133, 134, 136, 137, 138, 139, 140, 142, 143, 145], "excluded_lines": []}, "": {"executed_lines": [], "summary": {"covered_lines": 0, "num_statements": 42, "percent_covered": 0.0, "percent_covered_display": "0.00", "missing_lines": 42, "excluded_lines": 0}, "missing_lines": [3, 4, 5, 7, 8, 9, 12, 13, 16, 17, 18, 19, 20, 23, 24, 27, 28, 29, 30, 31, 34, 35, 38, 39, 40, 41, 42, 45, 46, 49, 50, 51, 52, 53, 54, 55, 56, 57, 58, 59, 60, 62], "excluded_lines": []}}}, "src/brownfield/models/state.py": {"executed_lines": [], "summary": {"covered_lines": 0, "num_statements": 98, "percent_covered": 0.0, "percent_covered_display": "0.00", "missing_lines": 98, "excluded_lines": 0}, "missing_lines": [3, 4, 5, 6, 7, 8, 10, 13, 16, 17, 18, 19, 20, 21, 24, 25, 28, 29, 30, 31, 32, 33, 34, 35, 38, 39, 42, 43, 44, 45, 46, 47, 48, 49, 50, 51, 53, 55, 56, 57, 59, 61, 62, 63, 64, 65, 67, 70, 74, 84, 88, 98, 102, 111, 113, 115, 117, 119, 121, 122, 123, 124, 125, 127, 128, 129, 130, 131, 132, 134, 135, 137, 138, 140, 141, 144, 145, 148, 149, 150, 151, 153, 154, 157, 158, 159, 160, 161, 162, 163, 164, 167, 168, 170, 172, 174, 175, 176], "excluded_lines": [], "functions": {"BrownfieldState.update_metrics": {"executed_lines": [], "summary": {"covered_lines": 0, "num_statements": 3, "percent_covered": 0.0, "percent_covered_display": "0.00", "missing_lines": 3, "excluded_lines": 0}, "missing_lines": [55, 56, 57], "excluded_lines": []}, "BrownfieldState.advance_phase": {"executed_lines": [], "summary": {"covered_lines": 0, "num_statements": 5, "percent_covered": 0.0, "percent_covered_display": "0.00", "missing_lines": 5, "excluded_lines": 0}, "missing_lines": [61, 62, 63, 64, 65], "excluded_lines": []}, "BrownfieldState.detect_regression": {"executed_lines": [], "summary": {"covered_lines": 0, "num_statements": 7, "percent_covered": 0.0, "percent_covered_display": "0.00", "missing_lines": 7, "excluded_lines": 0}, "missing_lines": [70, 74, 84, 88, 98, 102, 111], "excluded_lines": []}, "BrownfieldState.to_json": {"executed_lines": [], "summary": {"covered_lines": 0, "num_statements": 14, "percent_covered": 0.0, "percent_covered_display": "0.00", "missing_lines": 14, "excluded_lines": 0}, "missing_lines": [115, 117, 119, 121, 122, 123, 124, 125, 127, 128, 129, 130, 131, 132], "excluded_lines": []}, "BrownfieldState.load": {"executed_lines": [], "summary": {"covered_lines": 0, "num_statements": 23, "percent_covered": 0.0, "percent_covered_display": "0.00", "missing_lines": 23, "excluded_lines": 0}, "missing_lines": [137, 138, 140, 141, 144, 145, 148, 149, 150, 151, 153, 154, 157, 158, 159, 160, 161, 162, 163, 164, 167, 168, 170], "excluded_lines": []}, "BrownfieldState.save": {"executed_lines": [], "summary": {"covered_lines": 0, "num_statements": 3, "percent_covered": 0.0, "percent_covered_display": "0.00", "missing_lines": 3, "excluded_lines": 0}, "missing_lines": [174, 175, 176], "excluded_lines": []}, "": {"executed_lines": [], "summary": {"covered_lines": 0, "num_statements": 43, "percent_covered": 0.0, "percent_covered_display": "0.00", "missing_lines": 43, "excluded_lines": 0}, "missing_lines": [3, 4, 5, 6, 7, 8, 10, 13, 16, 17, 18, 19, 20, 21, 24, 25, 28, 29, 30, 31, 32, 33, 34, 35, 38, 39, 42, 43, 44, 45, 46, 47, 48, 49, 50, 51, 53, 59, 67, 113, 134, 135, 172], "excluded_lines": []}}, "classes": {"Phase": {"executed_lines": [], "summary": {"covered_lines": 0, "num_statements": 0, "percent_covered": 100.0, "percent_covered_display": "100.00", "missing_lines": 0, "excluded_lines": 0}, "missing_lines": [], "excluded_lines": []}, "ReEntryEvent": {"executed_lines": [], "summary": {"covered_lines": 0, "num_statements": 0, "percent_covered": 100.0, "percent_covered_display": "100.00", "missing_lines": 0, "excluded_lines": 0}, "missing_lines": [], "excluded_lines": []}, "BrownfieldState": {"executed_lines": [], "summary": {"covered_lines": 0, "num_statements": 55, "percent_covered": 0.0, "percent_covered_display": "0.00", "missing_lines": 55, "excluded_lines": 0}, "missing_lines": [55, 56, 57, 61, 62, 63, 64, 65, 70, 74, 84, 88, 98, 102, 111, 115, 117, 119, 121, 122, 123, 124, 125, 127, 128, 129, 130, 131, 132, 137, 138, 140, 141, 144, 145, 148, 149, 150, 151, 153, 154, 157, 158, 159, 160, 161, 162, 163, 164, 167, 168, 170, 174, 175, 176], "excluded_lines": []}, "": {"executed_lines": [], "summary": {"covered_lines": 0, "num_statements": 43, "percent_covered": 0.0, "percent_covered_display": "0.00", "missing_lines": 43, "excluded_lines": 0}, "missing_lines": [3, 4, 5, 6, 7, 8, 10, 13, 16, 17, 18, 19, 20, 21, 24, 25, 28, 29, 30, 31, 32, 33, 34, 35, 38, 39, 42, 43, 44, 45, 46, 47, 48, 49, 50, 51, 53, 59, 67, 113, 134, 135, 172], "excluded_lines": []}}}, "src/brownfield/orchestrator/__init__.py": {"executed_lines": [], "summary": {"covered_lines": 0, "num_statements": 0, "percent_covered": 100.0, "percent_covered_display": "100.00", "missing_lines": 0, "excluded_lines": 0}, "missing_lines": [], "excluded_lines": [], "functions": {"": {"executed_lines": [], "summary": {"covered_lines": 0, "num_statements": 0, "percent_covered": 100.0, "percent_covered_display": "100.00", "missing_lines": 0, "excluded_lines": 0}, "missing_lines": [], "excluded_lines": []}}, "classes": {"": {"executed_lines": [], "summary": {"covered_lines": 0, "num_statements": 0, "percent_covered": 100.0, "percent_covered_display": "100.00", "missing_lines": 0, "excluded_lines": 0}, "missing_lines": [], "excluded_lines": []}}}, "src/brownfield/orchestrator/approval_handler.py": {"executed_lines": [], "summary": {"covered_lines": 0, "num_statements": 68, "percent_covered": 0.0, "percent_covered_display": "0.00", "missing_lines": 68, "excluded_lines": 0}, "missing_lines": [3, 4, 6, 7, 8, 9, 12, 15, 17, 18, 20, 40, 41, 44, 47, 48, 51, 52, 53, 54, 56, 57, 59, 60, 62, 63, 66, 67, 74, 77, 82, 84, 88, 93, 99, 106, 108, 110, 115, 122, 126, 128, 133, 134, 141, 143, 150, 154, 155, 157, 158, 159, 161, 163, 165, 166, 172, 174, 175, 176, 178, 179, 181, 182, 184, 185, 187, 190], "excluded_lines": [], "functions": {"ApprovalHandler.__init__": {"executed_lines": [], "summary": {"covered_lines": 0, "num_statements": 2, "percent_covered": 0.0, "percent_covered_display": "0.00", "missing_lines": 2, "excluded_lines": 0}, "missing_lines": [17, 18], "excluded_lines": []}, "ApprovalHandler.request_approval": {"executed_lines": [], "summary": {"covered_lines": 0, "num_statements": 20, "percent_covered": 0.0, "percent_covered_display": "0.00", "missing_lines": 20, "excluded_lines": 0}, "missing_lines": [40, 41, 44, 47, 48, 51, 52, 53, 54, 56, 57, 59, 60, 62, 63, 66, 67, 74, 77, 82], "excluded_lines": []}, "ApprovalHandler.request_file_move_approval": {"executed_lines": [], "summary": {"covered_lines": 0, "num_statements": 3, "percent_covered": 0.0, "percent_covered_display": "0.00", "missing_lines": 3, "excluded_lines": 0}, "missing_lines": [88, 93, 99], "excluded_lines": []}, "ApprovalHandler.request_deletion_approval": {"executed_lines": [], "summary": {"covered_lines": 0, "num_statements": 3, "percent_covered": 0.0, "percent_covered_display": "0.00", "missing_lines": 3, "excluded_lines": 0}, "missing_lines": [108, 110, 115], "excluded_lines": []}, "ApprovalHandler.request_config_change_approval": {"executed_lines": [], "summary": {"covered_lines": 0, "num_statements": 6, "percent_covered": 0.0, "percent_covered_display": "0.00", "missing_lines": 6, "excluded_lines": 0}, "missing_lines": [126, 128, 133, 134, 141, 143], "excluded_lines": []}, "ApprovalHandler.confirm_continue_after_failure": {"executed_lines": [], "summary": {"covered_lines": 0, "num_statements": 6, "percent_covered": 0.0, "percent_covered_display": "0.00", "missing_lines": 6, "excluded_lines": 0}, "missing_lines": [154, 155, 157, 158, 159, 161], "excluded_lines": []}, "ApprovalHandler.show_dry_run_summary": {"executed_lines": [], "summary": {"covered_lines": 0, "num_statements": 14, "percent_covered": 0.0, "percent_covered_display": "0.00", "missing_lines": 14, "excluded_lines": 0}, "missing_lines": [165, 166, 172, 174, 175, 176, 178, 179, 181, 182, 184, 185, 187, 190], "excluded_lines": []}, "": {"executed_lines": [], "summary": {"covered_lines": 0, "num_statements": 14, "percent_covered": 0.0, "percent_covered_display": "0.00", "missing_lines": 14, "excluded_lines": 0}, "missing_lines": [3, 4, 6, 7, 8, 9, 12, 15, 20, 84, 106, 122, 150, 163], "excluded_lines": []}}, "classes": {"ApprovalHandler": {"executed_lines": [], "summary": {"covered_lines": 0, "num_statements": 54, "percent_covered": 0.0, "percent_covered_display": "0.00", "missing_lines": 54, "excluded_lines": 0}, "missing_lines": [17, 18, 40, 41, 44, 47, 48, 51, 52, 53, 54, 56, 57, 59, 60, 62, 63, 66, 67, 74, 77, 82, 88, 93, 99, 108, 110, 115, 126, 128, 133, 134, 141, 143, 154, 155, 157, 158, 159, 161, 165, 166, 172, 174, 175, 176, 178, 179, 181, 182, 184, 185, 187, 190], "excluded_lines": []}, "": {"executed_lines": [], "summary": {"covered_lines": 0, "num_statements": 14, "percent_covered": 0.0, "percent_covered_display": "0.00", "missing_lines": 14, "excluded_lines": 0}, "missing_lines": [3, 4, 6, 7, 8, 9, 12, 15, 20, 84, 106, 122, 150, 163], "excluded_lines": []}}}, "src/brownfield/orchestrator/phase_machine.py": {"executed_lines": [], "summary": {"covered_lines": 0, "num_statements": 9, "percent_covered": 0.0, "percent_covered_display": "0.00", "missing_lines": 9, "excluded_lines": 0}, "missing_lines": [3, 4, 7, 10, 11, 13, 16, 18, 20], "excluded_lines": [], "functions": {"PhaseOrchestrator.__init__": {"executed_lines": [], "summary": {"covered_lines": 0, "num_statements": 1, "percent_covered": 0.0, "percent_covered_display": "0.00", "missing_lines": 1, "excluded_lines": 0}, "missing_lines": [11], "excluded_lines": []}, "PhaseOrchestrator.can_advance_to": {"executed_lines": [], "summary": {"covered_lines": 0, "num_statements": 1, "percent_covered": 0.0, "percent_covered_display": "0.00", "missing_lines": 1, "excluded_lines": 0}, "missing_lines": [16], "excluded_lines": []}, "PhaseOrchestrator.advance": {"executed_lines": [], "summary": {"covered_lines": 0, "num_statements": 1, "percent_covered": 0.0, "percent_covered_display": "0.00", "missing_lines": 1, "excluded_lines": 0}, "missing_lines": [20], "excluded_lines": []}, "": {"executed_lines": [], "summary": {"covered_lines": 0, "num_statements": 6, "percent_covered": 0.0, "percent_covered_display": "0.00", "missing_lines": 6, "excluded_lines": 0}, "missing_lines": [3, 4, 7, 10, 13, 18], "excluded_lines": []}}, "classes": {"PhaseOrchestrator": {"executed_lines": [], "summary": {"covered_lines": 0, "num_statements": 3, "percent_covered": 0.0, "percent_covered_display": "0.00", "missing_lines": 3, "excluded_lines": 0}, "missing_lines": [11, 16, 20], "excluded_lines": []}, "": {"executed_lines": [], "summary": {"covered_lines": 0, "num_statements": 6, "percent_covered": 0.0, "percent_covered_display": "0.00", "missing_lines": 6, "excluded_lines": 0}, "missing_lines": [3, 4, 7, 10, 13, 18], "excluded_lines": []}}}, "src/brownfield/plugins/__init__.py": {"executed_lines": [], "summary": {"covered_lines": 0, "num_statements": 4, "percent_covered": 0.0, "percent_covered_display": "0.00", "missing_lines": 4, "excluded_lines": 0}, "missing_lines": [3, 10, 13, 15], "excluded_lines": [], "functions": {"": {"executed_lines": [], "summary": {"covered_lines": 0, "num_statements": 4, "percent_covered": 0.0, "percent_covered_display": "0.00", "missing_lines": 4, "excluded_lines": 0}, "missing_lines": [3, 10, 13, 15], "excluded_lines": []}}, "classes": {"": {"executed_lines": [], "summary": {"covered_lines": 0, "num_statements": 4, "percent_covered": 0.0, "percent_covered_display": "0.00", "missing_lines": 4, "excluded_lines": 0}, "missing_lines": [3, 10, 13, 15], "excluded_lines": []}}}, "src/brownfield/plugins/base.py": {"executed_lines": [], "summary": {"covered_lines": 0, "num_statements": 58, "percent_covered": 0.0, "percent_covered_display": "0.00", "missing_lines": 58, "excluded_lines": 0}, "missing_lines": [3, 4, 5, 6, 8, 11, 12, 15, 16, 17, 18, 19, 22, 23, 26, 27, 28, 29, 30, 33, 34, 37, 38, 39, 40, 41, 42, 45, 46, 49, 50, 51, 52, 53, 54, 55, 58, 61, 62, 72, 74, 75, 82, 84, 85, 99, 101, 102, 115, 117, 118, 128, 130, 131, 141, 143, 144, 154], "excluded_lines": [], "functions": {"LanguageHandler.detect": {"executed_lines": [], "summary": {"covered_lines": 0, "num_statements": 1, "percent_covered": 0.0, "percent_covered_display": "0.00", "missing_lines": 1, "excluded_lines": 0}, "missing_lines": [72], "excluded_lines": []}, "LanguageHandler.get_standard_structure": {"executed_lines": [], "summary": {"covered_lines": 0, "num_statements": 1, "percent_covered": 0.0, "percent_covered_display": "0.00", "missing_lines": 1, "excluded_lines": 0}, "missing_lines": [82], "excluded_lines": []}, "LanguageHandler.bootstrap_tests": {"executed_lines": [], "summary": {"covered_lines": 0, "num_statements": 1, "percent_covered": 0.0, "percent_covered_display": "0.00", "missing_lines": 1, "excluded_lines": 0}, "missing_lines": [99], "excluded_lines": []}, "LanguageHandler.install_quality_gates": {"executed_lines": [], "summary": {"covered_lines": 0, "num_statements": 1, "percent_covered": 0.0, "percent_covered_display": "0.00", "missing_lines": 1, "excluded_lines": 0}, "missing_lines": [115], "excluded_lines": []}, "LanguageHandler.verify_build": {"executed_lines": [], "summary": {"covered_lines": 0, "num_statements": 1, "percent_covered": 0.0, "percent_covered_display": "0.00", "missing_lines": 1, "excluded_lines": 0}, "missing_lines": [128], "excluded_lines": []}, "LanguageHandler.measure_complexity": {"executed_lines": [], "summary": {"covered_lines": 0, "num_statements": 1, "percent_covered": 0.0, "percent_covered_display": "0.00", "missing_lines": 1, "excluded_lines": 0}, "missing_lines": [141], "excluded_lines": []}, "LanguageHandler.scan_security": {"executed_lines": [], "summary": {"covered_lines": 0, "num_statements": 1, "percent_covered": 0.0, "percent_covered_display": "0.00", "missing_lines": 1, "excluded_lines": 0}, "missing_lines": [154], "excluded_lines": []}, "": {"executed_lines": [], "summary": {"covered_lines": 0, "num_statements": 51, "percent_covered": 0.0, "percent_covered_display": "0.00", "missing_lines": 51, "excluded_lines": 0}, "missing_lines": [3, 4, 5, 6, 8, 11, 12, 15, 16, 17, 18, 19, 22, 23, 26, 27, 28, 29, 30, 33, 34, 37, 38, 39, 40, 41, 42, 45, 46, 49, 50, 51, 52, 53, 54, 55, 58, 61, 62, 74, 75, 84, 85, 101, 102, 117, 118, 130, 131, 143, 144], "excluded_lines": []}}, "classes": {"DetectionResult": {"executed_lines": [], "summary": {"covered_lines": 0, "num_statements": 0, "percent_covered": 100.0, "percent_covered_display": "100.00", "missing_lines": 0, "excluded_lines": 0}, "missing_lines": [], "excluded_lines": []}, "StructureResult": {"executed_lines": [], "summary": {"covered_lines": 0, "num_statements": 0, "percent_covered": 100.0, "percent_covered_display": "100.00", "missing_lines": 0, "excluded_lines": 0}, "missing_lines": [], "excluded_lines": []}, "TestSetupResult": {"executed_lines": [], "summary": {"covered_lines": 0, "num_statements": 0, "percent_covered": 100.0, "percent_covered_display": "100.00", "missing_lines": 0, "excluded_lines": 0}, "missing_lines": [], "excluded_lines": []}, "QualitySetupResult": {"executed_lines": [], "summary": {"covered_lines": 0, "num_statements": 0, "percent_covered": 100.0, "percent_covered_display": "100.00", "missing_lines": 0, "excluded_lines": 0}, "missing_lines": [], "excluded_lines": []}, "LanguageHandler": {"executed_lines": [], "summary": {"covered_lines": 0, "num_statements": 7, "percent_covered": 0.0, "percent_covered_display": "0.00", "missing_lines": 7, "excluded_lines": 0}, "missing_lines": [72, 82, 99, 115, 128, 141, 154], "excluded_lines": []}, "": {"executed_lines": [], "summary": {"covered_lines": 0, "num_statements": 51, "percent_covered": 0.0, "percent_covered_display": "0.00", "missing_lines": 51, "excluded_lines": 0}, "missing_lines": [3, 4, 5, 6, 8, 11, 12, 15, 16, 17, 18, 19, 22, 23, 26, 27, 28, 29, 30, 33, 34, 37, 38, 39, 40, 41, 42, 45, 46, 49, 50, 51, 52, 53, 54, 55, 58, 61, 62, 74, 75, 84, 85, 101, 102, 117, 118, 130, 131, 143, 144], "excluded_lines": []}}}, "src/brownfield/plugins/go_handler.py": {"executed_lines": [], "summary": {"covered_lines": 0, "num_statements": 23, "percent_covered": 0.0, "percent_covered_display": "0.00", "missing_lines": 23, "excluded_lines": 0}, "missing_lines": [3, 4, 5, 6, 7, 9, 10, 13, 14, 15, 22, 24, 25, 27, 28, 30, 31, 33, 34, 36, 37, 39, 40], "excluded_lines": [], "functions": {"GoHandler.detect": {"executed_lines": [], "summary": {"covered_lines": 0, "num_statements": 3, "percent_covered": 0.0, "percent_covered_display": "0.00", "missing_lines": 3, "excluded_lines": 0}, "missing_lines": [14, 15, 22], "excluded_lines": []}, "GoHandler.get_standard_structure": {"executed_lines": [], "summary": {"covered_lines": 0, "num_statements": 1, "percent_covered": 0.0, "percent_covered_display": "0.00", "missing_lines": 1, "excluded_lines": 0}, "missing_lines": [25], "excluded_lines": []}, "GoHandler.bootstrap_tests": {"executed_lines": [], "summary": {"covered_lines": 0, "num_statements": 1, "percent_covered": 0.0, "percent_covered_display": "0.00", "missing_lines": 1, "excluded_lines": 0}, "missing_lines": [28], "excluded_lines": []}, "GoHandler.install_quality_gates": {"executed_lines": [], "summary": {"covered_lines": 0, "num_statements": 1, "percent_covered": 0.0, "percent_covered_display": "0.00", "missing_lines": 1, "excluded_lines": 0}, "missing_lines": [31], "excluded_lines": []}, "GoHandler.verify_build": {"executed_lines": [], "summary": {"covered_lines": 0, "num_statements": 1, "percent_covered": 0.0, "percent_covered_display": "0.00", "missing_lines": 1, "excluded_lines": 0}, "missing_lines": [34], "excluded_lines": []}, "GoHandler.measure_complexity": {"executed_lines": [], "summary": {"covered_lines": 0, "num_statements": 1, "percent_covered": 0.0, "percent_covered_display": "0.00", "missing_lines": 1, "excluded_lines": 0}, "missing_lines": [37], "excluded_lines": []}, "GoHandler.scan_security": {"executed_lines": [], "summary": {"covered_lines": 0, "num_statements": 1, "percent_covered": 0.0, "percent_covered_display": "0.00", "missing_lines": 1, "excluded_lines": 0}, "missing_lines": [40], "excluded_lines": []}, "": {"executed_lines": [], "summary": {"covered_lines": 0, "num_statements": 14, "percent_covered": 0.0, "percent_covered_display": "0.00", "missing_lines": 14, "excluded_lines": 0}, "missing_lines": [3, 4, 5, 6, 7, 9, 10, 13, 24, 27, 30, 33, 36, 39], "excluded_lines": []}}, "classes": {"GoHandler": {"executed_lines": [], "summary": {"covered_lines": 0, "num_statements": 9, "percent_covered": 0.0, "percent_covered_display": "0.00", "missing_lines": 9, "excluded_lines": 0}, "missing_lines": [14, 15, 22, 25, 28, 31, 34, 37, 40], "excluded_lines": []}, "": {"executed_lines": [], "summary": {"covered_lines": 0, "num_statements": 14, "percent_covered": 0.0, "percent_covered_display": "0.00", "missing_lines": 14, "excluded_lines": 0}, "missing_lines": [3, 4, 5, 6, 7, 9, 10, 13, 24, 27, 30, 33, 36, 39], "excluded_lines": []}}}, "src/brownfield/plugins/javascript_handler.py": {"executed_lines": [], "summary": {"covered_lines": 0, "num_statements": 23, "percent_covered": 0.0, "percent_covered_display": "0.00", "missing_lines": 23, "excluded_lines": 0}, "missing_lines": [3, 4, 5, 6, 7, 9, 10, 13, 14, 15, 22, 24, 25, 27, 28, 30, 31, 33, 34, 36, 37, 39, 40], "excluded_lines": [], "functions": {"JavaScriptHandler.detect": {"executed_lines": [], "summary": {"covered_lines": 0, "num_statements": 3, "percent_covered": 0.0, "percent_covered_display": "0.00", "missing_lines": 3, "excluded_lines": 0}, "missing_lines": [14, 15, 22], "excluded_lines": []}, "JavaScriptHandler.get_standard_structure": {"executed_lines": [], "summary": {"covered_lines": 0, "num_statements": 1, "percent_covered": 0.0, "percent_covered_display": "0.00", "missing_lines": 1, "excluded_lines": 0}, "missing_lines": [25], "excluded_lines": []}, "JavaScriptHandler.bootstrap_tests": {"executed_lines": [], "summary": {"covered_lines": 0, "num_statements": 1, "percent_covered": 0.0, "percent_covered_display": "0.00", "missing_lines": 1, "excluded_lines": 0}, "missing_lines": [28], "excluded_lines": []}, "JavaScriptHandler.install_quality_gates": {"executed_lines": [], "summary": {"covered_lines": 0, "num_statements": 1, "percent_covered": 0.0, "percent_covered_display": "0.00", "missing_lines": 1, "excluded_lines": 0}, "missing_lines": [31], "excluded_lines": []}, "JavaScriptHandler.verify_build": {"executed_lines": [], "summary": {"covered_lines": 0, "num_statements": 1, "percent_covered": 0.0, "percent_covered_display": "0.00", "missing_lines": 1, "excluded_lines": 0}, "missing_lines": [34], "excluded_lines": []}, "JavaScriptHandler.measure_complexity": {"executed_lines": [], "summary": {"covered_lines": 0, "num_statements": 1, "percent_covered": 0.0, "percent_covered_display": "0.00", "missing_lines": 1, "excluded_lines": 0}, "missing_lines": [37], "excluded_lines": []}, "JavaScriptHandler.scan_security": {"executed_lines": [], "summary": {"covered_lines": 0, "num_statements": 1, "percent_covered": 0.0, "percent_covered_display": "0.00", "missing_lines": 1, "excluded_lines": 0}, "missing_lines": [40], "excluded_lines": []}, "": {"executed_lines": [], "summary": {"covered_lines": 0, "num_statements": 14, "percent_covered": 0.0, "percent_covered_display": "0.00", "missing_lines": 14, "excluded_lines": 0}, "missing_lines": [3, 4, 5, 6, 7, 9, 10, 13, 24, 27, 30, 33, 36, 39], "excluded_lines": []}}, "classes": {"JavaScriptHandler": {"executed_lines": [], "summary": {"covered_lines": 0, "num_statements": 9, "percent_covered": 0.0, "percent_covered_display": "0.00", "missing_lines": 9, "excluded_lines": 0}, "missing_lines": [14, 15, 22, 25, 28, 31, 34, 37, 40], "excluded_lines": []}, "": {"executed_lines": [], "summary": {"covered_lines": 0, "num_statements": 14, "percent_covered": 0.0, "percent_covered_display": "0.00", "missing_lines": 14, "excluded_lines": 0}, "missing_lines": [3, 4, 5, 6, 7, 9, 10, 13, 24, 27, 30, 33, 36, 39], "excluded_lines": []}}}, "src/brownfield/plugins/python_handler.py": {"executed_lines": [], "summary": {"covered_lines": 0, "num_statements": 151, "percent_covered": 0.0, "percent_covered_display": "0.00", "missing_lines": 151, "excluded_lines": 0}, "missing_lines": [3, 4, 6, 7, 14, 15, 18, 19, 22, 24, 25, 28, 29, 30, 31, 34, 35, 36, 37, 38, 41, 42, 43, 44, 45, 47, 48, 50, 58, 60, 66, 71, 72, 75, 78, 89, 92, 93, 95, 96, 97, 98, 99, 100, 101, 104, 106, 107, 108, 110, 113, 114, 116, 117, 123, 124, 126, 127, 128, 129, 130, 131, 132, 133, 136, 138, 147, 151, 153, 156, 159, 162, 165, 166, 167, 168, 169, 170, 171, 172, 173, 174, 175, 178, 179, 180, 186, 188, 189, 190, 192, 193, 194, 197, 198, 199, 205, 206, 207, 210, 211, 214, 215, 217, 227, 230, 232, 234, 236, 238, 244, 246, 249, 254, 255, 258, 260, 261, 264, 265, 266, 267, 268, 269, 270, 271, 272, 274, 275, 277, 283, 285, 287, 289, 291, 293, 300, 301, 304, 307, 309, 310, 311, 312, 313, 314, 315, 316, 318, 320, 322], "excluded_lines": [], "functions": {"PythonHandler.detect": {"executed_lines": [], "summary": {"covered_lines": 0, "num_statements": 19, "percent_covered": 0.0, "percent_covered_display": "0.00", "missing_lines": 19, "excluded_lines": 0}, "missing_lines": [24, 25, 28, 29, 30, 31, 34, 35, 36, 37, 38, 41, 42, 43, 44, 45, 47, 48, 50], "excluded_lines": []}, "PythonHandler.get_standard_structure": {"executed_lines": [], "summary": {"covered_lines": 0, "num_statements": 1, "percent_covered": 0.0, "percent_covered_display": "0.00", "missing_lines": 1, "excluded_lines": 0}, "missing_lines": [60], "excluded_lines": []}, "PythonHandler.bootstrap_tests": {"executed_lines": [], "summary": {"covered_lines": 0, "num_statements": 35, "percent_covered": 0.0, "percent_covered_display": "0.00", "missing_lines": 35, "excluded_lines": 0}, "missing_lines": [71, 72, 75, 78, 89, 92, 93, 95, 96, 97, 98, 99, 100, 101, 104, 106, 107, 108, 110, 113, 114, 116, 117, 123, 124, 126, 127, 128, 129, 130, 131, 132, 133, 136, 138], "excluded_lines": []}, "PythonHandler.install_quality_gates": {"executed_lines": [], "summary": {"covered_lines": 0, "num_statements": 37, "percent_covered": 0.0, "percent_covered_display": "0.00", "missing_lines": 37, "excluded_lines": 0}, "missing_lines": [151, 153, 156, 159, 162, 165, 166, 167, 168, 169, 170, 171, 172, 173, 174, 175, 178, 179, 180, 186, 188, 189, 190, 192, 193, 194, 197, 198, 199, 205, 206, 207, 210, 211, 214, 215, 217], "excluded_lines": []}, "PythonHandler.verify_build": {"executed_lines": [], "summary": {"covered_lines": 0, "num_statements": 1, "percent_covered": 0.0, "percent_covered_display": "0.00", "missing_lines": 1, "excluded_lines": 0}, "missing_lines": [230], "excluded_lines": []}, "PythonHandler.measure_complexity": {"executed_lines": [], "summary": {"covered_lines": 0, "num_statements": 25, "percent_covered": 0.0, "percent_covered_display": "0.00", "missing_lines": 25, "excluded_lines": 0}, "missing_lines": [234, 236, 238, 244, 246, 249, 254, 255, 258, 260, 261, 264, 265, 266, 267, 268, 269, 270, 271, 272, 274, 275, 277, 283, 285], "excluded_lines": []}, "PythonHandler.scan_security": {"executed_lines": [], "summary": {"covered_lines": 0, "num_statements": 18, "percent_covered": 0.0, "percent_covered_display": "0.00", "missing_lines": 18, "excluded_lines": 0}, "missing_lines": [289, 291, 293, 300, 301, 304, 307, 309, 310, 311, 312, 313, 314, 315, 316, 318, 320, 322], "excluded_lines": []}, "": {"executed_lines": [], "summary": {"covered_lines": 0, "num_statements": 15, "percent_covered": 0.0, "percent_covered_display": "0.00", "missing_lines": 15, "excluded_lines": 0}, "missing_lines": [3, 4, 6, 7, 14, 15, 18, 19, 22, 58, 66, 147, 227, 232, 287], "excluded_lines": []}}, "classes": {"PythonHandler": {"executed_lines": [], "summary": {"covered_lines": 0, "num_statements": 136, "percent_covered": 0.0, "percent_covered_display": "0.00", "missing_lines": 136, "excluded_lines": 0}, "missing_lines": [24, 25, 28, 29, 30, 31, 34, 35, 36, 37, 38, 41, 42, 43, 44, 45, 47, 48, 50, 60, 71, 72, 75, 78, 89, 92, 93, 95, 96, 97, 98, 99, 100, 101, 104, 106, 107, 108, 110, 113, 114, 116, 117, 123, 124, 126, 127, 128, 129, 130, 131, 132, 133, 136, 138, 151, 153, 156, 159, 162, 165, 166, 167, 168, 169, 170, 171, 172, 173, 174, 175, 178, 179, 180, 186, 188, 189, 190, 192, 193, 194, 197, 198, 199, 205, 206, 207, 210, 211, 214, 215, 217, 230, 234, 236, 238, 244, 246, 249, 254, 255, 258, 260, 261, 264, 265, 266, 267, 268, 269, 270, 271, 272, 274, 275, 277, 283, 285, 289, 291, 293, 300, 301, 304, 307, 309, 310, 311, 312, 313, 314, 315, 316, 318, 320, 322], "excluded_lines": []}, "": {"executed_lines": [], "summary": {"covered_lines": 0, "num_statements": 15, "percent_covered": 0.0, "percent_covered_display": "0.00", "missing_lines": 15, "excluded_lines": 0}, "missing_lines": [3, 4, 6, 7, 14, 15, 18, 19, 22, 58, 66, 147, 227, 232, 287], "excluded_lines": []}}}, "src/brownfield/plugins/registry.py": {"executed_lines": [], "summary": {"covered_lines": 0, "num_statements": 16, "percent_covered": 0.0, "percent_covered_display": "0.00", "missing_lines": 16, "excluded_lines": 0}, "missing_lines": [3, 5, 8, 11, 14, 17, 27, 28, 29, 31, 34, 47, 48, 49, 52, 54], "excluded_lines": [], "functions": {"register_handler": {"executed_lines": [], "summary": {"covered_lines": 0, "num_statements": 2, "percent_covered": 0.0, "percent_covered_display": "0.00", "missing_lines": 2, "excluded_lines": 0}, "missing_lines": [27, 31], "excluded_lines": []}, "register_handler.decorator": {"executed_lines": [], "summary": {"covered_lines": 0, "num_statements": 2, "percent_covered": 0.0, "percent_covered_display": "0.00", "missing_lines": 2, "excluded_lines": 0}, "missing_lines": [28, 29], "excluded_lines": []}, "get_handler": {"executed_lines": [], "summary": {"covered_lines": 0, "num_statements": 3, "percent_covered": 0.0, "percent_covered_display": "0.00", "missing_lines": 3, "excluded_lines": 0}, "missing_lines": [47, 48, 49], "excluded_lines": []}, "list_supported_languages": {"executed_lines": [], "summary": {"covered_lines": 0, "num_statements": 1, "percent_covered": 0.0, "percent_covered_display": "0.00", "missing_lines": 1, "excluded_lines": 0}, "missing_lines": [54], "excluded_lines": []}, "": {"executed_lines": [], "summary": {"covered_lines": 0, "num_statements": 8, "percent_covered": 0.0, "percent_covered_display": "0.00", "missing_lines": 8, "excluded_lines": 0}, "missing_lines": [3, 5, 8, 11, 14, 17, 34, 52], "excluded_lines": []}}, "classes": {"UnsupportedLanguageError": {"executed_lines": [], "summary": {"covered_lines": 0, "num_statements": 0, "percent_covered": 100.0, "percent_covered_display": "100.00", "missing_lines": 0, "excluded_lines": 0}, "missing_lines": [], "excluded_lines": []}, "": {"executed_lines": [], "summary": {"covered_lines": 0, "num_statements": 16, "percent_covered": 0.0, "percent_covered_display": "0.00", "missing_lines": 16, "excluded_lines": 0}, "missing_lines": [3, 5, 8, 11, 14, 17, 27, 28, 29, 31, 34, 47, 48, 49, 52, 54], "excluded_lines": []}}}, "src/brownfield/plugins/rust_handler.py": {"executed_lines": [], "summary": {"covered_lines": 0, "num_statements": 23, "percent_covered": 0.0, "percent_covered_display": "0.00", "missing_lines": 23, "excluded_lines": 0}, "missing_lines": [3, 4, 5, 6, 7, 9, 10, 13, 14, 15, 22, 24, 25, 27, 28, 30, 31, 33, 34, 36, 37, 39, 40], "excluded_lines": [], "functions": {"RustHandler.detect": {"executed_lines": [], "summary": {"covered_lines": 0, "num_statements": 3, "percent_covered": 0.0, "percent_covered_display": "0.00", "missing_lines": 3, "excluded_lines": 0}, "missing_lines": [14, 15, 22], "excluded_lines": []}, "RustHandler.get_standard_structure": {"executed_lines": [], "summary": {"covered_lines": 0, "num_statements": 1, "percent_covered": 0.0, "percent_covered_display": "0.00", "missing_lines": 1, "excluded_lines": 0}, "missing_lines": [25], "excluded_lines": []}, "RustHandler.bootstrap_tests": {"executed_lines": [], "summary": {"covered_lines": 0, "num_statements": 1, "percent_covered": 0.0, "percent_covered_display": "0.00", "missing_lines": 1, "excluded_lines": 0}, "missing_lines": [28], "excluded_lines": []}, "RustHandler.install_quality_gates": {"executed_lines": [], "summary": {"covered_lines": 0, "num_statements": 1, "percent_covered": 0.0, "percent_covered_display": "0.00", "missing_lines": 1, "excluded_lines": 0}, "missing_lines": [31], "excluded_lines": []}, "RustHandler.verify_build": {"executed_lines": [], "summary": {"covered_lines": 0, "num_statements": 1, "percent_covered": 0.0, "percent_covered_display": "0.00", "missing_lines": 1, "excluded_lines": 0}, "missing_lines": [34], "excluded_lines": []}, "RustHandler.measure_complexity": {"executed_lines": [], "summary": {"covered_lines": 0, "num_statements": 1, "percent_covered": 0.0, "percent_covered_display": "0.00", "missing_lines": 1, "excluded_lines": 0}, "missing_lines": [37], "excluded_lines": []}, "RustHandler.scan_security": {"executed_lines": [], "summary": {"covered_lines": 0, "num_statements": 1, "percent_covered": 0.0, "percent_covered_display": "0.00", "missing_lines": 1, "excluded_lines": 0}, "missing_lines": [40], "excluded_lines": []}, "": {"executed_lines": [], "summary": {"covered_lines": 0, "num_statements": 14, "percent_covered": 0.0, "percent_covered_display": "0.00", "missing_lines": 14, "excluded_lines": 0}, "missing_lines": [3, 4, 5, 6, 7, 9, 10, 13, 24, 27, 30, 33, 36, 39], "excluded_lines": []}}, "classes": {"RustHandler": {"executed_lines": [], "summary": {"covered_lines": 0, "num_statements": 9, "percent_covered": 0.0, "percent_covered_display": "0.00", "missing_lines": 9, "excluded_lines": 0}, "missing_lines": [14, 15, 22, 25, 28, 31, 34, 37, 40], "excluded_lines": []}, "": {"executed_lines": [], "summary": {"covered_lines": 0, "num_statements": 14, "percent_covered": 0.0, "percent_covered_display": "0.00", "missing_lines": 14, "excluded_lines": 0}, "missing_lines": [3, 4, 5, 6, 7, 9, 10, 13, 24, 27, 30, 33, 36, 39], "excluded_lines": []}}}, "src/brownfield/remediation/__init__.py": {"executed_lines": [], "summary": {"covered_lines": 0, "num_statements": 0, "percent_covered": 100.0, "percent_covered_display": "100.00", "missing_lines": 0, "excluded_lines": 0}, "missing_lines": [], "excluded_lines": [], "functions": {"": {"executed_lines": [], "summary": {"covered_lines": 0, "num_statements": 0, "percent_covered": 100.0, "percent_covered_display": "100.00", "missing_lines": 0, "excluded_lines": 0}, "missing_lines": [], "excluded_lines": []}}, "classes": {"": {"executed_lines": [], "summary": {"covered_lines": 0, "num_statements": 0, "percent_covered": 100.0, "percent_covered_display": "100.00", "missing_lines": 0, "excluded_lines": 0}, "missing_lines": [], "excluded_lines": []}}}, "src/brownfield/remediation/quality.py": {"executed_lines": [], "summary": {"covered_lines": 0, "num_statements": 109, "percent_covered": 0.0, "percent_covered_display": "0.00", "missing_lines": 109, "excluded_lines": 0}, "missing_lines": [3, 4, 5, 7, 8, 11, 14, 22, 23, 24, 28, 50, 53, 67, 69, 79, 81, 83, 90, 91, 94, 96, 98, 99, 100, 102, 103, 104, 105, 106, 108, 110, 111, 112, 114, 116, 117, 119, 127, 128, 130, 131, 133, 135, 142, 149, 151, 154, 161, 162, 164, 166, 167, 168, 169, 179, 180, 182, 184, 191, 194, 230, 231, 233, 240, 242, 244, 245, 248, 256, 257, 259, 261, 263, 265, 272, 275, 276, 278, 325, 326, 328, 335, 337, 338, 341, 343, 344, 347, 368, 369, 371, 373, 385, 386, 388, 390, 399, 400, 401, 403, 404, 405, 406, 407, 410, 413, 415, 416], "excluded_lines": [], "functions": {"QualityGatesInstaller.__init__": {"executed_lines": [], "summary": {"covered_lines": 0, "num_statements": 3, "percent_covered": 0.0, "percent_covered_display": "0.00", "missing_lines": 3, "excluded_lines": 0}, "missing_lines": [22, 23, 24], "excluded_lines": []}, "QualityGatesInstaller.install": {"executed_lines": [], "summary": {"covered_lines": 0, "num_statements": 3, "percent_covered": 0.0, "percent_covered_display": "0.00", "missing_lines": 3, "excluded_lines": 0}, "missing_lines": [50, 53, 67], "excluded_lines": []}, "QualityGatesInstaller.analyze_complexity": {"executed_lines": [], "summary": {"covered_lines": 0, "num_statements": 28, "percent_covered": 0.0, "percent_covered_display": "0.00", "missing_lines": 28, "excluded_lines": 0}, "missing_lines": [79, 81, 83, 90, 91, 94, 96, 98, 99, 100, 102, 103, 104, 105, 106, 108, 110, 111, 112, 114, 116, 117, 119, 127, 128, 130, 131, 133], "excluded_lines": []}, "QualityGatesInstaller.scan_security_issues": {"executed_lines": [], "summary": {"covered_lines": 0, "num_statements": 14, "percent_covered": 0.0, "percent_covered_display": "0.00", "missing_lines": 14, "excluded_lines": 0}, "missing_lines": [142, 149, 151, 154, 161, 162, 164, 166, 167, 168, 169, 179, 180, 182], "excluded_lines": []}, "QualityGatesInstaller.create_pre_commit_config": {"executed_lines": [], "summary": {"covered_lines": 0, "num_statements": 4, "percent_covered": 0.0, "percent_covered_display": "0.00", "missing_lines": 4, "excluded_lines": 0}, "missing_lines": [191, 194, 230, 231], "excluded_lines": []}, "QualityGatesInstaller.install_pre_commit_hooks": {"executed_lines": [], "summary": {"covered_lines": 0, "num_statements": 10, "percent_covered": 0.0, "percent_covered_display": "0.00", "missing_lines": 10, "excluded_lines": 0}, "missing_lines": [240, 242, 244, 245, 248, 256, 257, 259, 261, 263], "excluded_lines": []}, "QualityGatesInstaller.create_linter_config": {"executed_lines": [], "summary": {"covered_lines": 0, "num_statements": 6, "percent_covered": 0.0, "percent_covered_display": "0.00", "missing_lines": 6, "excluded_lines": 0}, "missing_lines": [272, 275, 276, 278, 325, 326], "excluded_lines": []}, "QualityGatesInstaller.create_formatter_config": {"executed_lines": [], "summary": {"covered_lines": 0, "num_statements": 10, "percent_covered": 0.0, "percent_covered_display": "0.00", "missing_lines": 10, "excluded_lines": 0}, "missing_lines": [335, 337, 338, 341, 343, 344, 347, 368, 369, 371], "excluded_lines": []}, "QualityGatesInstaller.document_complexity_justifications": {"executed_lines": [], "summary": {"covered_lines": 0, "num_statements": 16, "percent_covered": 0.0, "percent_covered_display": "0.00", "missing_
[...]
00", "missing_lines": 29, "excluded_lines": 0}, "missing_lines": [183, 184, 185, 186, 187, 190, 191, 198, 201, 209, 210, 211, 212, 214, 215, 216, 219, 220, 221, 222, 223, 224, 227, 228, 229, 230, 231, 232, 234], "excluded_lines": []}, "TestingBootstrapper._calculate_import_path": {"executed_lines": [], "summary": {"covered_lines": 0, "num_statements": 6, "percent_covered": 0.0, "percent_covered_display": "0.00", "missing_lines": 6, "excluded_lines": 0}, "missing_lines": [247, 248, 249, 251, 254, 255], "excluded_lines": []}, "TestingBootstrapper.generate_contract_tests": {"executed_lines": [], "summary": {"covered_lines": 0, "num_statements": 8, "percent_covered": 0.0, "percent_covered_display": "0.00", "missing_lines": 8, "excluded_lines": 0}, "missing_lines": [267, 268, 270, 272, 273, 274, 275, 277], "excluded_lines": []}, "TestingBootstrapper._create_contract_test": {"executed_lines": [], "summary": {"covered_lines": 0, "num_statements": 29, "percent_covered": 0.0, "percent_covered_display": "0.00", "missing_lines": 29, "excluded_lines": 0}, "missing_lines": [293, 294, 295, 296, 297, 300, 301, 302, 303, 305, 306, 309, 312, 314, 321, 322, 324, 325, 326, 329, 330, 331, 332, 333, 334, 335, 336, 338, 339], "excluded_lines": []}, "TestingBootstrapper.measure_coverage": {"executed_lines": [], "summary": {"covered_lines": 0, "num_statements": 17, "percent_covered": 0.0, "percent_covered_display": "0.00", "missing_lines": 17, "excluded_lines": 0}, "missing_lines": [348, 350, 352, 353, 356, 357, 360, 363, 370, 372, 373, 374, 375, 376, 378, 379, 381], "excluded_lines": []}, "": {"executed_lines": [], "summary": {"covered_lines": 0, "num_statements": 18, "percent_covered": 0.0, "percent_covered_display": "0.00", "missing_lines": 18, "excluded_lines": 0}, "missing_lines": [3, 4, 5, 7, 8, 9, 12, 15, 29, 68, 94, 127, 146, 172, 236, 257, 279, 341], "excluded_lines": []}}, "classes": {"TestingBootstrapper": {"executed_lines": [], "summary": {"covered_lines": 0, "num_statements": 130, "percent_covered": 0.0, "percent_covered_display": "0.00", "missing_lines": 130, "excluded_lines": 0}, "missing_lines": [23, 24, 25, 45, 52, 66, 75, 78, 84, 85, 87, 89, 90, 92, 105, 106, 109, 110, 113, 114, 117, 118, 119, 120, 123, 124, 125, 137, 139, 140, 141, 142, 144, 157, 158, 161, 164, 166, 167, 168, 170, 183, 184, 185, 186, 187, 190, 191, 198, 201, 209, 210, 211, 212, 214, 215, 216, 219, 220, 221, 222, 223, 224, 227, 228, 229, 230, 231, 232, 234, 247, 248, 249, 251, 254, 255, 267, 268, 270, 272, 273, 274, 275, 277, 293, 294, 295, 296, 297, 300, 301, 302, 303, 305, 306, 309, 312, 314, 321, 322, 324, 325, 326, 329, 330, 331, 332, 333, 334, 335, 336, 338, 339, 348, 350, 352, 353, 356, 357, 360, 363, 370, 372, 373, 374, 375, 376, 378, 379, 381], "excluded_lines": []}, "": {"executed_lines": [], "summary": {"covered_lines": 0, "num_statements": 18, "percent_covered": 0.0, "percent_covered_display": "0.00", "missing_lines": 18, "excluded_lines": 0}, "missing_lines": [3, 4, 5, 7, 8, 9, 12, 15, 29, 68, 94, 127, 146, 172, 236, 257, 279, 341], "excluded_lines": []}}}, "src/brownfield/state/__init__.py": {"executed_lines": [], "summary": {"covered_lines": 0, "num_statements": 5, "percent_covered": 0.0, "percent_covered_display": "0.00", "missing_lines": 5, "excluded_lines": 0}, "missing_lines": [3, 4, 5, 6, 8], "excluded_lines": [], "functions": {"": {"executed_lines": [], "summary": {"covered_lines": 0, "num_statements": 5, "percent_covered": 0.0, "percent_covered_display": "0.00", "missing_lines": 5, "excluded_lines": 0}, "missing_lines": [3, 4, 5, 6, 8], "excluded_lines": []}}, "classes": {"": {"executed_lines": [], "summary": {"covered_lines": 0, "num_statements": 5, "percent_covered": 0.0, "percent_covered_display": "0.00", "missing_lines": 5, "excluded_lines": 0}, "missing_lines": [3, 4, 5, 6, 8], "excluded_lines": []}}}, "src/brownfield/state/checkpoint_store.py": {"executed_lines": [], "summary": {"covered_lines": 0, "num_statements": 13, "percent_covered": 0.0, "percent_covered_display": "0.00", "missing_lines": 13, "excluded_lines": 0}, "missing_lines": [3, 4, 6, 9, 12, 13, 15, 17, 19, 21, 24, 26, 28], "excluded_lines": [], "functions": {"CheckpointStore.__init__": {"executed_lines": [], "summary": {"covered_lines": 0, "num_statements": 1, "percent_covered": 0.0, "percent_covered_display": "0.00", "missing_lines": 1, "excluded_lines": 0}, "missing_lines": [13], "excluded_lines": []}, "CheckpointStore.save": {"executed_lines": [], "summary": {"covered_lines": 0, "num_statements": 2, "percent_covered": 0.0, "percent_covered_display": "0.00", "missing_lines": 2, "excluded_lines": 0}, "missing_lines": [17, 19], "excluded_lines": []}, "CheckpointStore.load": {"executed_lines": [], "summary": {"covered_lines": 0, "num_statements": 1, "percent_covered": 0.0, "percent_covered_display": "0.00", "missing_lines": 1, "excluded_lines": 0}, "missing_lines": [24], "excluded_lines": []}, "CheckpointStore.exists": {"executed_lines": [], "summary": {"covered_lines": 0, "num_statements": 1, "percent_covered": 0.0, "percent_covered_display": "0.00", "missing_lines": 1, "excluded_lines": 0}, "missing_lines": [28], "excluded_lines": []}, "": {"executed_lines": [], "summary": {"covered_lines": 0, "num_statements": 8, "percent_covered": 0.0, "percent_covered_display": "0.00", "missing_lines": 8, "excluded_lines": 0}, "missing_lines": [3, 4, 6, 9, 12, 15, 21, 26], "excluded_lines": []}}, "classes": {"CheckpointStore": {"executed_lines": [], "summary": {"covered_lines": 0, "num_statements": 5, "percent_covered": 0.0, "percent_covered_display": "0.00", "missing_lines": 5, "excluded_lines": 0}, "missing_lines": [13, 17, 19, 24, 28], "excluded_lines": []}, "": {"executed_lines": [], "summary": {"covered_lines": 0, "num_statements": 8, "percent_covered": 0.0, "percent_covered_display": "0.00", "missing_lines": 8, "excluded_lines": 0}, "missing_lines": [3, 4, 6, 9, 12, 15, 21, 26], "excluded_lines": []}}}, "src/brownfield/state/decision_logger.py": {"executed_lines": [], "summary": {"covered_lines": 0, "num_statements": 10, "percent_covered": 0.0, "percent_covered_display": "0.00", "missing_lines": 10, "excluded_lines": 0}, "missing_lines": [3, 5, 8, 11, 12, 14, 16, 17, 18, 19], "excluded_lines": [], "functions": {"DecisionLogger.__init__": {"executed_lines": [], "summary": {"covered_lines": 0, "num_statements": 1, "percent_covered": 0.0, "percent_covered_display": "0.00", "missing_lines": 1, "excluded_lines": 0}, "missing_lines": [12], "excluded_lines": []}, "DecisionLogger.log_decision": {"executed_lines": [], "summary": {"covered_lines": 0, "num_statements": 4, "percent_covered": 0.0, "percent_covered_display": "0.00", "missing_lines": 4, "excluded_lines": 0}, "missing_lines": [16, 17, 18, 19], "excluded_lines": []}, "": {"executed_lines": [], "summary": {"covered_lines": 0, "num_statements": 5, "percent_covered": 0.0, "percent_covered_display": "0.00", "missing_lines": 5, "excluded_lines": 0}, "missing_lines": [3, 5, 8, 11, 14], "excluded_lines": []}}, "classes": {"DecisionLogger": {"executed_lines": [], "summary": {"covered_lines": 0, "num_statements": 5, "percent_covered": 0.0, "percent_covered_display": "0.00", "missing_lines": 5, "excluded_lines": 0}, "missing_lines": [12, 16, 17, 18, 19], "excluded_lines": []}, "": {"executed_lines": [], "summary": {"covered_lines": 0, "num_statements": 5, "percent_covered": 0.0, "percent_covered_display": "0.00", "missing_lines": 5, "excluded_lines": 0}, "missing_lines": [3, 5, 8, 11, 14], "excluded_lines": []}}}, "src/brownfield/state/report_writer.py": {"executed_lines": [], "summary": {"covered_lines": 0, "num_statements": 14, "percent_covered": 0.0, "percent_covered_display": "0.00", "missing_lines": 14, "excluded_lines": 0}, "missing_lines": [3, 5, 6, 9, 12, 13, 15, 16, 17, 19, 20, 22, 23, 24], "excluded_lines": [], "functions": {"ReportWriter.write_assessment_report": {"executed_lines": [], "summary": {"covered_lines": 0, "num_statements": 3, "percent_covered": 0.0, "percent_covered_display": "0.00", "missing_lines": 3, "excluded_lines": 0}, "missing_lines": [15, 16, 17], "excluded_lines": []}, "ReportWriter.write_graduation_report": {"executed_lines": [], "summary": {"covered_lines": 0, "num_statements": 3, "percent_covered": 0.0, "percent_covered_display": "0.00", "missing_lines": 3, "excluded_lines": 0}, "missing_lines": [22, 23, 24], "excluded_lines": []}, "": {"executed_lines": [], "summary": {"covered_lines": 0, "num_statements": 8, "percent_covered": 0.0, "percent_covered_display": "0.00", "missing_lines": 8, "excluded_lines": 0}, "missing_lines": [3, 5, 6, 9, 12, 13, 19, 20], "excluded_lines": []}}, "classes": {"ReportWriter": {"executed_lines": [], "summary": {"covered_lines": 0, "num_statements": 6, "percent_covered": 0.0, "percent_covered_display": "0.00", "missing_lines": 6, "excluded_lines": 0}, "missing_lines": [15, 16, 17, 22, 23, 24], "excluded_lines": []}, "": {"executed_lines": [], "summary": {"covered_lines": 0, "num_statements": 8, "percent_covered": 0.0, "percent_covered_display": "0.00", "missing_lines": 8, "excluded_lines": 0}, "missing_lines": [3, 5, 6, 9, 12, 13, 19, 20], "excluded_lines": []}}}, "src/brownfield/state/state_store.py": {"executed_lines": [], "summary": {"covered_lines": 0, "num_statements": 11, "percent_covered": 0.0, "percent_covered_display": "0.00", "missing_lines": 11, "excluded_lines": 0}, "missing_lines": [3, 5, 8, 11, 18, 20, 30, 32, 39, 41, 43], "excluded_lines": [], "functions": {"StateStore.__init__": {"executed_lines": [], "summary": {"covered_lines": 0, "num_statements": 1, "percent_covered": 0.0, "percent_covered_display": "0.00", "missing_lines": 1, "excluded_lines": 0}, "missing_lines": [18], "excluded_lines": []}, "StateStore.load": {"executed_lines": [], "summary": {"covered_lines": 0, "num_statements": 1, "percent_covered": 0.0, "percent_covered_display": "0.00", "missing_lines": 1, "excluded_lines": 0}, "missing_lines": [30], "excluded_lines": []}, "StateStore.save": {"executed_lines": [], "summary": {"covered_lines": 0, "num_statements": 1, "percent_covered": 0.0, "percent_covered_display": "0.00", "missing_lines": 1, "excluded_lines": 0}, "missing_lines": [39], "excluded_lines": []}, "StateStore.exists": {"executed_lines": [], "summary": {"covered_lines": 0, "num_statements": 1, "percent_covered": 0.0, "percent_covered_display": "0.00", "missing_lines": 1, "excluded_lines": 0}, "missing_lines": [43], "excluded_lines": []}, "": {"executed_lines": [], "summary": {"covered_lines": 0, "num_statements": 7, "percent_covered": 0.0, "percent_covered_display": "0.00", "missing_lines": 7, "excluded_lines": 0}, "missing_lines": [3, 5, 8, 11, 20, 32, 41], "excluded_lines": []}}, "classes": {"StateStore": {"executed_lines": [], "summary": {"covered_lines": 0, "num_statements": 4, "percent_covered": 0.0, "percent_covered_display": "0.00", "missing_lines": 4, "excluded_lines": 0}, "missing_lines": [18, 30, 39, 43], "excluded_lines": []}, "": {"executed_lines": [], "summary": {"covered_lines": 0, "num_statements": 7, "percent_covered": 0.0, "percent_covered_display": "0.00", "missing_lines": 7, "excluded_lines": 0}, "missing_lines": [3, 5, 8, 11, 20, 32, 41], "excluded_lines": []}}}, "src/brownfield/utils/__init__.py": {"executed_lines": [], "summary": {"covered_lines": 0, "num_statements": 5, "percent_covered": 0.0, "percent_covered_display": "0.00", "missing_lines": 5, "excluded_lines": 0}, "missing_lines": [3, 4, 5, 6, 8], "excluded_lines": [], "functions": {"": {"executed_lines": [], "summary": {"covered_lines": 0, "num_statements": 5, "percent_covered": 0.0, "percent_covered_display": "0.00", "missing_lines": 5, "excluded_lines": 0}, "missing_lines": [3, 4, 5, 6, 8], "excluded_lines": []}}, "classes": {"": {"executed_lines": [], "summary": {"covered_lines": 0, "num_statements": 5, "percent_covered": 0.0, "percent_covered_display": "0.00", "missing_lines": 5, "excluded_lines": 0}, "missing_lines": [3, 4, 5, 6, 8], "excluded_lines": []}}}, "src/brownfield/utils/config.py": {"executed_lines": [], "summary": {"covered_lines": 0, "num_statements": 8, "percent_covered": 0.0, "percent_covered_display": "0.00", "missing_lines": 8, "excluded_lines": 0}, "missing_lines": [3, 4, 7, 10, 11, 12, 14, 17], "excluded_lines": [], "functions": {"Config.__init__": {"executed_lines": [], "summary": {"covered_lines": 0, "num_statements": 2, "percent_covered": 0.0, "percent_covered_display": "0.00", "missing_lines": 2, "excluded_lines": 0}, "missing_lines": [11, 12], "excluded_lines": []}, "Config.load": {"executed_lines": [], "summary": {"covered_lines": 0, "num_statements": 1, "percent_covered": 0.0, "percent_covered_display": "0.00", "missing_lines": 1, "excluded_lines": 0}, "missing_lines": [17], "excluded_lines": []}, "": {"executed_lines": [], "summary": {"covered_lines": 0, "num_statements": 5, "percent_covered": 0.0, "percent_covered_display": "0.00", "missing_lines": 5, "excluded_lines": 0}, "missing_lines": [3, 4, 7, 10, 14], "excluded_lines": []}}, "classes": {"Config": {"executed_lines": [], "summary": {"covered_lines": 0, "num_statements": 3, "percent_covered": 0.0, "percent_covered_display": "0.00", "missing_lines": 3, "excluded_lines": 0}, "missing_lines": [11, 12, 17], "excluded_lines": []}, "": {"executed_lines": [], "summary": {"covered_lines": 0, "num_statements": 5, "percent_covered": 0.0, "percent_covered_display": "0.00", "missing_lines": 5, "excluded_lines": 0}, "missing_lines": [3, 4, 7, 10, 14], "excluded_lines": []}}}, "src/brownfield/utils/file_operations.py": {"executed_lines": [], "summary": {"covered_lines": 0, "num_statements": 11, "percent_covered": 0.0, "percent_covered_display": "0.00", "missing_lines": 11, "excluded_lines": 0}, "missing_lines": [3, 4, 7, 10, 11, 13, 14, 16, 17, 19, 20], "excluded_lines": [], "functions": {"FileOperations.safe_move": {"executed_lines": [], "summary": {"covered_lines": 0, "num_statements": 2, "percent_covered": 0.0, "percent_covered_display": "0.00", "missing_lines": 2, "excluded_lines": 0}, "missing_lines": [13, 14], "excluded_lines": []}, "FileOperations.safe_copy": {"executed_lines": [], "summary": {"covered_lines": 0, "num_statements": 2, "percent_covered": 0.0, "percent_covered_display": "0.00", "missing_lines": 2, "excluded_lines": 0}, "missing_lines": [19, 20], "excluded_lines": []}, "": {"executed_lines": [], "summary": {"covered_lines": 0, "num_statements": 7, "percent_covered": 0.0, "percent_covered_display": "0.00", "missing_lines": 7, "excluded_lines": 0}, "missing_lines": [3, 4, 7, 10, 11, 16, 17], "excluded_lines": []}}, "classes": {"FileOperations": {"executed_lines": [], "summary": {"covered_lines": 0, "num_statements": 4, "percent_covered": 0.0, "percent_covered_display": "0.00", "missing_lines": 4, "excluded_lines": 0}, "missing_lines": [13, 14, 19, 20], "excluded_lines": []}, "": {"executed_lines": [], "summary": {"covered_lines": 0, "num_statements": 7, "percent_covered": 0.0, "percent_covered_display": "0.00", "missing_lines": 7, "excluded_lines": 0}, "missing_lines": [3, 4, 7, 10, 11, 16, 17], "excluded_lines": []}}}, "src/brownfield/utils/output_formatter.py": {"executed_lines": [], "summary": {"covered_lines": 0, "num_statements": 13, "percent_covered": 0.0, "percent_covered_display": "0.00", "missing_lines": 13, "excluded_lines": 0}, "missing_lines": [3, 4, 7, 10, 11, 13, 15, 17, 19, 21, 23, 25, 27], "excluded_lines": [], "functions": {"OutputFormatter.__init__": {"executed_lines": [], "summary": {"covered_lines": 0, "num_statements": 1, "percent_covered": 0.0, "percent_covered_display": "0.00", "missing_lines": 1, "excluded_lines": 0}, "missing_lines": [11], "excluded_lines": []}, "OutputFormatter.success": {"executed_lines": [], "summary": {"covered_lines": 0, "num_statements": 1, "percent_covered": 0.0, "percent_covered_display": "0.00", "missing_lines": 1, "excluded_lines": 0}, "missing_lines": [15], "excluded_lines": []}, "OutputFormatter.error": {"executed_lines": [], "summary": {"covered_lines": 0, "num_statements": 1, "percent_covered": 0.0, "percent_covered_display": "0.00", "missing_lines": 1, "excluded_lines": 0}, "missing_lines": [19], "excluded_lines": []}, "OutputFormatter.warning": {"executed_lines": [], "summary": {"covered_lines": 0, "num_statements": 1, "percent_covered": 0.0, "percent_covered_display": "0.00", "missing_lines": 1, "excluded_lines": 0}, "missing_lines": [23], "excluded_lines": []}, "OutputFormatter.info": {"executed_lines": [], "summary": {"covered_lines": 0, "num_statements": 1, "percent_covered": 0.0, "percent_covered_display": "0.00", "missing_lines": 1, "excluded_lines": 0}, "missing_lines": [27], "excluded_lines": []}, "": {"executed_lines": [], "summary": {"covered_lines": 0, "num_statements": 8, "percent_covered": 0.0, "percent_covered_display": "0.00", "missing_lines": 8, "excluded_lines": 0}, "missing_lines": [3, 4, 7, 10, 13, 17, 21, 25], "excluded_lines": []}}, "classes": {"OutputFormatter": {"executed_lines": [], "summary": {"covered_lines": 0, "num_statements": 5, "percent_covered": 0.0, "percent_covered_display": "0.00", "missing_lines": 5, "excluded_lines": 0}, "missing_lines": [11, 15, 19, 23, 27], "excluded_lines": []}, "": {"executed_lines": [], "summary": {"covered_lines": 0, "num_statements": 8, "percent_covered": 0.0, "percent_covered_display": "0.00", "missing_lines": 8, "excluded_lines": 0}, "missing_lines": [3, 4, 7, 10, 13, 17, 21, 25], "excluded_lines": []}}}, "src/brownfield/utils/process_runner.py": {"executed_lines": [], "summary": {"covered_lines": 0, "num_statements": 52, "percent_covered": 0.0, "percent_covered_display": "0.00", "missing_lines": 52, "excluded_lines": 0}, "missing_lines": [3, 4, 5, 6, 7, 10, 13, 14, 24, 27, 28, 29, 30, 31, 32, 35, 36, 37, 38, 40, 42, 43, 56, 57, 60, 61, 62, 65, 66, 69, 70, 73, 74, 75, 76, 77, 78, 79, 81, 83, 85, 86, 109, 110, 113, 114, 116, 117, 119, 122, 127, 129], "excluded_lines": [], "functions": {"ProcessRunner._find_devenv_root": {"executed_lines": [], "summary": {"covered_lines": 0, "num_statements": 12, "percent_covered": 0.0, "percent_covered_display": "0.00", "missing_lines": 12, "excluded_lines": 0}, "missing_lines": [24, 27, 28, 29, 30, 31, 32, 35, 36, 37, 38, 40], "excluded_lines": []}, "ProcessRunner._detect_shell_context": {"executed_lines": [], "summary": {"covered_lines": 0, "num_statements": 18, "percent_covered": 0.0, "percent_covered_display": "0.00", "missing_lines": 18, "excluded_lines": 0}, "missing_lines": [56, 57, 60, 61, 62, 65, 66, 69, 70, 73, 74, 75, 76, 77, 78, 79, 81, 83], "excluded_lines": []}, "ProcessRunner.run": {"executed_lines": [], "summary": {"covered_lines": 0, "num_statements": 10, "percent_covered": 0.0, "percent_covered_display": "0.00", "missing_lines": 10, "excluded_lines": 0}, "missing_lines": [109, 110, 113, 114, 116, 117, 119, 122, 127, 129], "excluded_lines": []}, "": {"executed_lines": [], "summary": {"covered_lines": 0, "num_statements": 12, "percent_covered": 0.0, "percent_covered_display": "0.00", "missing_lines": 12, "excluded_lines": 0}, "missing_lines": [3, 4, 5, 6, 7, 10, 13, 14, 42, 43, 85, 86], "excluded_lines": []}}, "classes": {"ProcessRunner": {"executed_lines": [], "summary": {"covered_lines": 0, "num_statements": 40, "percent_covered": 0.0, "percent_covered_display": "0.00", "missing_lines": 40, "excluded_lines": 0}, "missing_lines": [24, 27, 28, 29, 30, 31, 32, 35, 36, 37, 38, 40, 56, 57, 60, 61, 62, 65, 66, 69, 70, 73, 74, 75, 76, 77, 78, 79, 81, 83, 109, 110, 113, 114, 116, 117, 119, 122, 127, 129], "excluded_lines": []}, "": {"executed_lines": [], "summary": {"covered_lines": 0, "num_statements": 12, "percent_covered": 0.0, "percent_covered_display": "0.00", "missing_lines": 12, "excluded_lines": 0}, "missing_lines": [3, 4, 5, 6, 7, 10, 13, 14, 42, 43, 85, 86], "excluded_lines": []}}}}, "totals": {"covered_lines": 0, "num_statements": 2186, "percent_covered": 0.0, "percent_covered_display": "0.00", "missing_lines": 2186, "excluded_lines": 4}}